mode: set
gopkg.in/launchdarkly/go-server-sdk.v5/ldconsul/consul_builder.go:34.36,38.2 1 0
gopkg.in/launchdarkly/go-server-sdk.v5/ldconsul/consul_builder.go:42.76,45.2 2 0
gopkg.in/launchdarkly/go-server-sdk.v5/ldconsul/consul_builder.go:49.70,52.2 2 0
gopkg.in/launchdarkly/go-server-sdk.v5/ldconsul/consul_builder.go:55.68,56.18 1 0
gopkg.in/launchdarkly/go-server-sdk.v5/ldconsul/consul_builder.go:59.2,60.10 2 0
gopkg.in/launchdarkly/go-server-sdk.v5/ldconsul/consul_builder.go:56.18,58.3 1 0
gopkg.in/launchdarkly/go-server-sdk.v5/ldconsul/consul_builder.go:66.43,69.2 2 0
gopkg.in/launchdarkly/go-server-sdk.v5/ldconsul/consul_builder.go:72.66,74.2 1 0
gopkg.in/launchdarkly/go-server-sdk.v5/ldconsul/consul_impl.go:41.109,44.16 3 0
gopkg.in/launchdarkly/go-server-sdk.v5/ldconsul/consul_impl.go:47.2,51.8 1 0
gopkg.in/launchdarkly/go-server-sdk.v5/ldconsul/consul_impl.go:44.16,46.3 1 0
gopkg.in/launchdarkly/go-server-sdk.v5/ldconsul/consul_impl.go:57.53,60.2 2 0
gopkg.in/launchdarkly/go-server-sdk.v5/ldconsul/consul_impl.go:64.60,68.16 3 0
gopkg.in/launchdarkly/go-server-sdk.v5/ldconsul/consul_impl.go:72.2,73.29 2 0
gopkg.in/launchdarkly/go-server-sdk.v5/ldconsul/consul_impl.go:79.2,79.21 1 0
gopkg.in/launchdarkly/go-server-sdk.v5/ldconsul/consul_impl.go:68.16,70.3 1 0
gopkg.in/launchdarkly/go-server-sdk.v5/ldconsul/consul_impl.go:73.29,78.3 1 0
gopkg.in/launchdarkly/go-server-sdk.v5/ldconsul/consul_impl.go:82.94,87.16 3 0
gopkg.in/launchdarkly/go-server-sdk.v5/ldconsul/consul_impl.go:90.2,91.26 2 0
gopkg.in/launchdarkly/go-server-sdk.v5/ldconsul/consul_impl.go:95.2,97.31 2 0
gopkg.in/launchdarkly/go-server-sdk.v5/ldconsul/consul_impl.go:108.2,108.28 1 0
gopkg.in/launchdarkly/go-server-sdk.v5/ldconsul/consul_impl.go:116.2,122.33 3 0
gopkg.in/launchdarkly/go-server-sdk.v5/ldconsul/consul_impl.go:87.16,89.3 1 0
gopkg.in/launchdarkly/go-server-sdk.v5/ldconsul/consul_impl.go:91.26,93.3 1 0
gopkg.in/launchdarkly/go-server-sdk.v5/ldconsul/consul_impl.go:97.31,98.35 1 0
gopkg.in/launchdarkly/go-server-sdk.v5/ldconsul/consul_impl.go:98.35,104.4 4 0
gopkg.in/launchdarkly/go-server-sdk.v5/ldconsul/consul_impl.go:108.28,109.34 1 0
gopkg.in/launchdarkly/go-server-sdk.v5/ldconsul/consul_impl.go:109.34,112.4 2 0
gopkg.in/launchdarkly/go-server-sdk.v5/ldconsul/consul_impl.go:129.17,131.6 1 0
gopkg.in/launchdarkly/go-server-sdk.v5/ldconsul/consul_impl.go:131.6,135.17 2 0
gopkg.in/launchdarkly/go-server-sdk.v5/ldconsul/consul_impl.go:140.3,141.36 2 0
gopkg.in/launchdarkly/go-server-sdk.v5/ldconsul/consul_impl.go:148.3,148.36 1 0
gopkg.in/launchdarkly/go-server-sdk.v5/ldconsul/consul_impl.go:152.3,152.30 1 0
gopkg.in/launchdarkly/go-server-sdk.v5/ldconsul/consul_impl.go:160.3,168.17 4 0
gopkg.in/launchdarkly/go-server-sdk.v5/ldconsul/consul_impl.go:172.3,172.14 1 0
gopkg.in/launchdarkly/go-server-sdk.v5/ldconsul/consul_impl.go:176.3,176.37 1 0
gopkg.in/launchdarkly/go-server-sdk.v5/ldconsul/consul_impl.go:135.17,137.4 1 0
gopkg.in/launchdarkly/go-server-sdk.v5/ldconsul/consul_impl.go:141.36,144.4 2 0
gopkg.in/launchdarkly/go-server-sdk.v5/ldconsul/consul_impl.go:148.36,150.4 1 0
gopkg.in/launchdarkly/go-server-sdk.v5/ldconsul/consul_impl.go:152.30,154.4 1 0
gopkg.in/launchdarkly/go-server-sdk.v5/ldconsul/consul_impl.go:168.17,170.4 1 0
gopkg.in/launchdarkly/go-server-sdk.v5/ldconsul/consul_impl.go:172.14,174.4 1 0
gopkg.in/launchdarkly/go-server-sdk.v5/ldconsul/consul_impl.go:176.37,178.4 1 0
gopkg.in/launchdarkly/go-server-sdk.v5/ldconsul/consul_impl.go:182.56,186.2 3 0
gopkg.in/launchdarkly/go-server-sdk.v5/ldconsul/consul_impl.go:188.59,195.2 3 0
gopkg.in/launchdarkly/go-server-sdk.v5/ldconsul/consul_impl.go:197.49,199.2 1 0
gopkg.in/launchdarkly/go-server-sdk.v5/ldconsul/consul_impl.go:208.3,215.31 4 0
gopkg.in/launchdarkly/go-server-sdk.v5/ldconsul/consul_impl.go:219.2,220.40 2 0
gopkg.in/launchdarkly/go-server-sdk.v5/ldconsul/consul_impl.go:215.31,217.3 1 0
gopkg.in/launchdarkly/go-server-sdk.v5/ldconsul/consul_impl.go:223.56,224.28 1 0
gopkg.in/launchdarkly/go-server-sdk.v5/ldconsul/consul_impl.go:244.2,244.12 1 0
gopkg.in/launchdarkly/go-server-sdk.v5/ldconsul/consul_impl.go:224.28,226.19 2 0
gopkg.in/launchdarkly/go-server-sdk.v5/ldconsul/consul_impl.go:229.3,231.17 3 0
gopkg.in/launchdarkly/go-server-sdk.v5/ldconsul/consul_impl.go:234.3,234.10 1 0
gopkg.in/launchdarkly/go-server-sdk.v5/ldconsul/consul_impl.go:242.3,242.8 1 0
gopkg.in/launchdarkly/go-server-sdk.v5/ldconsul/consul_impl.go:226.19,228.4 1 0
gopkg.in/launchdarkly/go-server-sdk.v5/ldconsul/consul_impl.go:231.17,233.4 1 0
gopkg.in/launchdarkly/go-server-sdk.v5/ldconsul/consul_impl.go:234.10,236.35 2 0
gopkg.in/launchdarkly/go-server-sdk.v5/ldconsul/consul_impl.go:240.4,240.80 1 0
gopkg.in/launchdarkly/go-server-sdk.v5/ldconsul/consul_impl.go:236.35,238.5 1 0
gopkg.in/launchdarkly/go-server-sdk.v5/ldconsul/consul_impl.go:247.87,249.2 1 0
gopkg.in/launchdarkly/go-server-sdk.v5/ldconsul/consul_impl.go:251.99,253.2 1 0
gopkg.in/launchdarkly/go-server-sdk.v5/ldconsul/consul_impl.go:255.116,257.2 1 0
gopkg.in/launchdarkly/go-server-sdk.v5/ldconsul/consul_impl.go:259.54,261.2 1 0
gopkg.in/launchdarkly/go-server-sdk.v5/lddynamodb/dynamodb_builder.go:41.52,45.2 1 0
gopkg.in/launchdarkly/go-server-sdk.v5/lddynamodb/dynamodb_builder.go:48.68,49.18 1 0
gopkg.in/launchdarkly/go-server-sdk.v5/lddynamodb/dynamodb_builder.go:52.2,53.10 2 0
gopkg.in/launchdarkly/go-server-sdk.v5/lddynamodb/dynamodb_builder.go:49.18,51.3 1 0
gopkg.in/launchdarkly/go-server-sdk.v5/lddynamodb/dynamodb_builder.go:58.79,59.19 1 0
gopkg.in/launchdarkly/go-server-sdk.v5/lddynamodb/dynamodb_builder.go:62.2,62.10 1 0
gopkg.in/launchdarkly/go-server-sdk.v5/lddynamodb/dynamodb_builder.go:59.19,61.3 1 0
gopkg.in/launchdarkly/go-server-sdk.v5/lddynamodb/dynamodb_builder.go:68.93,71.2 2 0
gopkg.in/launchdarkly/go-server-sdk.v5/lddynamodb/dynamodb_builder.go:76.86,79.2 2 0
gopkg.in/launchdarkly/go-server-sdk.v5/lddynamodb/dynamodb_builder.go:84.43,87.2 2 0
gopkg.in/launchdarkly/go-server-sdk.v5/lddynamodb/dynamodb_builder.go:90.66,92.2 1 0
gopkg.in/launchdarkly/go-server-sdk.v5/lddynamodb/dynamodb_impl.go:70.109,71.25 1 0
gopkg.in/launchdarkly/go-server-sdk.v5/lddynamodb/dynamodb_impl.go:75.2,84.25 4 0
gopkg.in/launchdarkly/go-server-sdk.v5/lddynamodb/dynamodb_impl.go:92.2,92.19 1 0
gopkg.in/launchdarkly/go-server-sdk.v5/lddynamodb/dynamodb_impl.go:71.25,73.3 1 0
gopkg.in/launchdarkly/go-server-sdk.v5/lddynamodb/dynamodb_impl.go:84.25,86.17 2 0
gopkg.in/launchdarkly/go-server-sdk.v5/lddynamodb/dynamodb_impl.go:89.3,89.56 1 0
gopkg.in/launchdarkly/go-server-sdk.v5/lddynamodb/dynamodb_impl.go:86.17,88.4 1 0
gopkg.in/launchdarkly/go-server-sdk.v5/lddynamodb/dynamodb_impl.go:95.92,98.16 2 0
gopkg.in/launchdarkly/go-server-sdk.v5/lddynamodb/dynamodb_impl.go:102.2,106.31 3 0
gopkg.in/launchdarkly/go-server-sdk.v5/lddynamodb/dynamodb_impl.go:119.2,120.34 2 0
gopkg.in/launchdarkly/go-server-sdk.v5/lddynamodb/dynamodb_impl.go:133.2,141.80 3 0
gopkg.in/launchdarkly/go-server-sdk.v5/lddynamodb/dynamodb_impl.go:145.2,147.12 2 0
gopkg.in/launchdarkly/go-server-sdk.v5/lddynamodb/dynamodb_impl.go:98.16,100.3 1 0
gopkg.in/launchdarkly/go-server-sdk.v5/lddynamodb/dynamodb_impl.go:106.31,107.35 1 0
gopkg.in/launchdarkly/go-server-sdk.v5/lddynamodb/dynamodb_impl.go:107.35,115.4 5 0
gopkg.in/launchdarkly/go-server-sdk.v5/lddynamodb/dynamodb_impl.go:120.34,121.36 1 0
gopkg.in/launchdarkly/go-server-sdk.v5/lddynamodb/dynamodb_impl.go:121.36,129.4 2 0
gopkg.in/launchdarkly/go-server-sdk.v5/lddynamodb/dynamodb_impl.go:141.80,143.3 1 0
gopkg.in/launchdarkly/go-server-sdk.v5/lddynamodb/dynamodb_impl.go:150.54,160.2 2 0
gopkg.in/launchdarkly/go-server-sdk.v5/lddynamodb/dynamodb_impl.go:164.60,167.55 2 0
gopkg.in/launchdarkly/go-server-sdk.v5/lddynamodb/dynamodb_impl.go:178.2,178.16 1 0
gopkg.in/launchdarkly/go-server-sdk.v5/lddynamodb/dynamodb_impl.go:181.2,181.21 1 0
gopkg.in/launchdarkly/go-server-sdk.v5/lddynamodb/dynamodb_impl.go:167.55,168.35 1 0
gopkg.in/launchdarkly/go-server-sdk.v5/lddynamodb/dynamodb_impl.go:176.4,176.20 1 0
gopkg.in/launchdarkly/go-server-sdk.v5/lddynamodb/dynamodb_impl.go:168.35,169.66 1 0
gopkg.in/launchdarkly/go-server-sdk.v5/lddynamodb/dynamodb_impl.go:169.66,174.6 1 0
gopkg.in/launchdarkly/go-server-sdk.v5/lddynamodb/dynamodb_impl.go:178.16,180.3 1 0
gopkg.in/launchdarkly/go-server-sdk.v5/lddynamodb/dynamodb_impl.go:187.53,196.16 2 0
gopkg.in/launchdarkly/go-server-sdk.v5/lddynamodb/dynamodb_impl.go:201.2,201.27 1 0
gopkg.in/launchdarkly/go-server-sdk.v5/lddynamodb/dynamodb_impl.go:208.2,208.68 1 0
gopkg.in/launchdarkly/go-server-sdk.v5/lddynamodb/dynamodb_impl.go:211.2,212.63 1 0
gopkg.in/launchdarkly/go-server-sdk.v5/lddynamodb/dynamodb_impl.go:196.16,199.3 1 0
gopkg.in/launchdarkly/go-server-sdk.v5/lddynamodb/dynamodb_impl.go:201.27,202.37 1 0
gopkg.in/launchdarkly/go-server-sdk.v5/lddynamodb/dynamodb_impl.go:205.3,205.68 1 0
gopkg.in/launchdarkly/go-server-sdk.v5/lddynamodb/dynamodb_impl.go:202.37,204.4 1 0
gopkg.in/launchdarkly/go-server-sdk.v5/lddynamodb/dynamodb_impl.go:208.68,210.3 1 0
gopkg.in/launchdarkly/go-server-sdk.v5/lddynamodb/dynamodb_impl.go:219.17,222.33 2 0
gopkg.in/launchdarkly/go-server-sdk.v5/lddynamodb/dynamodb_impl.go:226.2,243.16 2 0
gopkg.in/launchdarkly/go-server-sdk.v5/lddynamodb/dynamodb_impl.go:254.2,254.18 1 0
gopkg.in/launchdarkly/go-server-sdk.v5/lddynamodb/dynamodb_impl.go:222.33,224.3 1 0
gopkg.in/launchdarkly/go-server-sdk.v5/lddynamodb/dynamodb_impl.go:243.16,244.107 1 0
gopkg.in/launchdarkly/go-server-sdk.v5/lddynamodb/dynamodb_impl.go:251.3,251.74 1 0
gopkg.in/launchdarkly/go-server-sdk.v5/lddynamodb/dynamodb_impl.go:244.107,245.38 1 0
gopkg.in/launchdarkly/go-server-sdk.v5/lddynamodb/dynamodb_impl.go:249.4,249.21 1 0
gopkg.in/launchdarkly/go-server-sdk.v5/lddynamodb/dynamodb_impl.go:245.38,248.5 1 0
gopkg.in/launchdarkly/go-server-sdk.v5/lddynamodb/dynamodb_impl.go:257.57,270.2 2 0
gopkg.in/launchdarkly/go-server-sdk.v5/lddynamodb/dynamodb_impl.go:272.47,274.2 1 0
gopkg.in/launchdarkly/go-server-sdk.v5/lddynamodb/dynamodb_impl.go:276.80,277.24 1 0
gopkg.in/launchdarkly/go-server-sdk.v5/lddynamodb/dynamodb_impl.go:280.2,280.43 1 0
gopkg.in/launchdarkly/go-server-sdk.v5/lddynamodb/dynamodb_impl.go:277.24,279.3 1 0
gopkg.in/launchdarkly/go-server-sdk.v5/lddynamodb/dynamodb_impl.go:283.88,285.2 1 0
gopkg.in/launchdarkly/go-server-sdk.v5/lddynamodb/dynamodb_impl.go:287.52,289.2 1 0
gopkg.in/launchdarkly/go-server-sdk.v5/lddynamodb/dynamodb_impl.go:291.102,304.2 1 0
gopkg.in/launchdarkly/go-server-sdk.v5/lddynamodb/dynamodb_impl.go:308.37,310.31 2 0
gopkg.in/launchdarkly/go-server-sdk.v5/lddynamodb/dynamodb_impl.go:330.2,330.18 1 0
gopkg.in/launchdarkly/go-server-sdk.v5/lddynamodb/dynamodb_impl.go:310.31,319.56 5 0
gopkg.in/launchdarkly/go-server-sdk.v5/lddynamodb/dynamodb_impl.go:326.3,326.17 1 0
gopkg.in/launchdarkly/go-server-sdk.v5/lddynamodb/dynamodb_impl.go:319.56,320.33 1 0
gopkg.in/launchdarkly/go-server-sdk.v5/lddynamodb/dynamodb_impl.go:324.5,324.21 1 0
gopkg.in/launchdarkly/go-server-sdk.v5/lddynamodb/dynamodb_impl.go:320.33,323.6 2 0
gopkg.in/launchdarkly/go-server-sdk.v5/lddynamodb/dynamodb_impl.go:326.17,328.4 1 0
gopkg.in/launchdarkly/go-server-sdk.v5/lddynamodb/dynamodb_impl.go:339.9,340.24 1 0
gopkg.in/launchdarkly/go-server-sdk.v5/lddynamodb/dynamodb_impl.go:352.2,352.12 1 0
gopkg.in/launchdarkly/go-server-sdk.v5/lddynamodb/dynamodb_impl.go:340.24,348.17 5 0
gopkg.in/launchdarkly/go-server-sdk.v5/lddynamodb/dynamodb_impl.go:348.17,350.4 1 0
gopkg.in/launchdarkly/go-server-sdk.v5/lddynamodb/dynamodb_impl.go:357.60,363.50 4 0
gopkg.in/launchdarkly/go-server-sdk.v5/lddynamodb/dynamodb_impl.go:370.2,370.62 1 0
gopkg.in/launchdarkly/go-server-sdk.v5/lddynamodb/dynamodb_impl.go:363.50,369.3 2 0
gopkg.in/launchdarkly/go-server-sdk.v5/lddynamodb/dynamodb_impl.go:377.39,384.2 1 0
gopkg.in/launchdarkly/go-server-sdk.v5/ldfiledata/file_data_source_impl.go:39.34,40.30 1 1
gopkg.in/launchdarkly/go-server-sdk.v5/ldfiledata/file_data_source_impl.go:44.2,45.16 2 1
gopkg.in/launchdarkly/go-server-sdk.v5/ldfiledata/file_data_source_impl.go:49.2,56.16 3 1
gopkg.in/launchdarkly/go-server-sdk.v5/ldfiledata/file_data_source_impl.go:40.30,42.3 1 0
gopkg.in/launchdarkly/go-server-sdk.v5/ldfiledata/file_data_source_impl.go:45.16,47.3 1 0
gopkg.in/launchdarkly/go-server-sdk.v5/ldfiledata/file_data_source_impl.go:59.48,61.2 1 1
gopkg.in/launchdarkly/go-server-sdk.v5/ldfiledata/file_data_source_impl.go:63.65,69.31 3 1
gopkg.in/launchdarkly/go-server-sdk.v5/ldfiledata/file_data_source_impl.go:76.2,78.16 3 0
gopkg.in/launchdarkly/go-server-sdk.v5/ldfiledata/file_data_source_impl.go:69.31,72.3 2 1
gopkg.in/launchdarkly/go-server-sdk.v5/ldfiledata/file_data_source_impl.go:78.16,80.3 1 0
gopkg.in/launchdarkly/go-server-sdk.v5/ldfiledata/file_data_source_impl.go:86.36,88.39 2 1
gopkg.in/launchdarkly/go-server-sdk.v5/ldfiledata/file_data_source_impl.go:103.2,104.16 2 1
gopkg.in/launchdarkly/go-server-sdk.v5/ldfiledata/file_data_source_impl.go:117.2,117.16 1 1
gopkg.in/launchdarkly/go-server-sdk.v5/ldfiledata/file_data_source_impl.go:88.39,90.17 2 1
gopkg.in/launchdarkly/go-server-sdk.v5/ldfiledata/file_data_source_impl.go:90.17,92.4 1 1
gopkg.in/launchdarkly/go-server-sdk.v5/ldfiledata/file_data_source_impl.go:92.9,101.4 3 1
gopkg.in/launchdarkly/go-server-sdk.v5/ldfiledata/file_data_source_impl.go:104.16,105.43 1 1
gopkg.in/launchdarkly/go-server-sdk.v5/ldfiledata/file_data_source_impl.go:105.43,108.4 2 1
gopkg.in/launchdarkly/go-server-sdk.v5/ldfiledata/file_data_source_impl.go:109.8,116.3 1 1
gopkg.in/launchdarkly/go-server-sdk.v5/ldfiledata/file_data_source_impl.go:117.16,119.3 1 1
gopkg.in/launchdarkly/go-server-sdk.v5/ldfiledata/file_data_source_impl.go:122.63,123.25 1 1
gopkg.in/launchdarkly/go-server-sdk.v5/ldfiledata/file_data_source_impl.go:123.25,125.24 2 1
gopkg.in/launchdarkly/go-server-sdk.v5/ldfiledata/file_data_source_impl.go:125.24,127.4 1 1
gopkg.in/launchdarkly/go-server-sdk.v5/ldfiledata/file_data_source_impl.go:131.53,133.26 2 1
gopkg.in/launchdarkly/go-server-sdk.v5/ldfiledata/file_data_source_impl.go:140.2,140.22 1 1
gopkg.in/launchdarkly/go-server-sdk.v5/ldfiledata/file_data_source_impl.go:133.26,135.17 2 1
gopkg.in/launchdarkly/go-server-sdk.v5/ldfiledata/file_data_source_impl.go:138.3,138.39 1 1
gopkg.in/launchdarkly/go-server-sdk.v5/ldfiledata/file_data_source_impl.go:135.17,137.4 1 0
gopkg.in/launchdarkly/go-server-sdk.v5/ldfiledata/file_data_source_impl.go:154.9,155.41 1 1
gopkg.in/launchdarkly/go-server-sdk.v5/ldfiledata/file_data_source_impl.go:158.2,159.12 2 1
gopkg.in/launchdarkly/go-server-sdk.v5/ldfiledata/file_data_source_impl.go:155.41,157.3 1 1
gopkg.in/launchdarkly/go-server-sdk.v5/ldfiledata/file_data_source_impl.go:162.46,166.54 4 1
gopkg.in/launchdarkly/go-server-sdk.v5/ldfiledata/file_data_source_impl.go:169.2,169.25 1 1
gopkg.in/launchdarkly/go-server-sdk.v5/ldfiledata/file_data_source_impl.go:174.2,174.16 1 1
gopkg.in/launchdarkly/go-server-sdk.v5/ldfiledata/file_data_source_impl.go:177.2,177.18 1 1
gopkg.in/launchdarkly/go-server-sdk.v5/ldfiledata/file_data_source_impl.go:166.54,168.3 1 1
gopkg.in/launchdarkly/go-server-sdk.v5/ldfiledata/file_data_source_impl.go:169.25,171.3 1 0
gopkg.in/launchdarkly/go-server-sdk.v5/ldfiledata/file_data_source_impl.go:171.8,173.3 1 1
gopkg.in/launchdarkly/go-server-sdk.v5/ldfiledata/file_data_source_impl.go:174.16,176.3 1 1
gopkg.in/launchdarkly/go-server-sdk.v5/ldfiledata/file_data_source_impl.go:180.38,183.2 1 1
gopkg.in/launchdarkly/go-server-sdk.v5/ldfiledata/file_data_source_impl.go:185.83,190.32 2 1
gopkg.in/launchdarkly/go-server-sdk.v5/ldfiledata/file_data_source_impl.go:219.2,220.34 2 1
gopkg.in/launchdarkly/go-server-sdk.v5/ldfiledata/file_data_source_impl.go:227.2,227.17 1 1
gopkg.in/launchdarkly/go-server-sdk.v5/ldfiledata/file_data_source_impl.go:190.32,191.21 1 1
gopkg.in/launchdarkly/go-server-sdk.v5/ldfiledata/file_data_source_impl.go:200.3,200.26 1 1
gopkg.in/launchdarkly/go-server-sdk.v5/ldfiledata/file_data_source_impl.go:209.3,209.24 1 1
gopkg.in/launchdarkly/go-server-sdk.v5/ldfiledata/file_data_source_impl.go:191.21,192.33 1 1
gopkg.in/launchdarkly/go-server-sdk.v5/ldfiledata/file_data_source_impl.go:192.33,195.85 3 1
gopkg.in/launchdarkly/go-server-sdk.v5/ldfiledata/file_data_source_impl.go:195.85,197.6 1 1
gopkg.in/launchdarkly/go-server-sdk.v5/ldfiledata/file_data_source_impl.go:200.26,201.42 1 1
gopkg.in/launchdarkly/go-server-sdk.v5/ldfiledata/file_data_source_impl.go:201.42,204.85 3 1
gopkg.in/launchdarkly/go-server-sdk.v5/ldfiledata/file_data_source_impl.go:204.85,206.6 1 0
gopkg.in/launchdarkly/go-server-sdk.v5/ldfiledata/file_data_source_impl.go:209.24,210.36 1 1
gopkg.in/launchdarkly/go-server-sdk.v5/ldfiledata/file_data_source_impl.go:210.36,213.85 3 1
gopkg.in/launchdarkly/go-server-sdk.v5/ldfiledata/file_data_source_impl.go:213.85,215.6 1 0
gopkg.in/launchdarkly/go-server-sdk.v5/ldfiledata/file_data_source_impl.go:220.34,222.30 2 1
gopkg.in/launchdarkly/go-server-sdk.v5/ldfiledata/file_data_source_impl.go:225.3,225.74 1 1
gopkg.in/launchdarkly/go-server-sdk.v5/ldfiledata/file_data_source_impl.go:222.30,224.4 1 1
gopkg.in/launchdarkly/go-server-sdk.v5/ldfiledata/file_data_source_impl.go:230.72,233.2 2 1
gopkg.in/launchdarkly/go-server-sdk.v5/ldfiledata/file_data_source_impl.go:236.47,237.25 1 1
gopkg.in/launchdarkly/go-server-sdk.v5/ldfiledata/file_data_source_impl.go:242.2,242.12 1 1
gopkg.in/launchdarkly/go-server-sdk.v5/ldfiledata/file_data_source_impl.go:237.25,238.32 1 1
gopkg.in/launchdarkly/go-server-sdk.v5/ldfiledata/file_data_source_impl.go:238.32,240.4 1 0
gopkg.in/launchdarkly/go-server-sdk.v5/ldfiledata/file_data_source_builder.go:30.38,32.2 1 1
gopkg.in/launchdarkly/go-server-sdk.v5/ldfiledata/file_data_source_builder.go:35.75,38.2 2 1
gopkg.in/launchdarkly/go-server-sdk.v5/ldfiledata/file_data_source_builder.go:49.90,52.2 2 0
gopkg.in/launchdarkly/go-server-sdk.v5/ldfiledata/file_data_source_builder.go:58.34,60.2 1 1
gopkg.in/launchdarkly/go-server-sdk.v5/ldfiledata/file_data_source_builder.go:63.67,65.2 1 0
gopkg.in/launchdarkly/go-server-sdk.v5/ldhttp/http_transport.go:36.72,39.2 2 0
gopkg.in/launchdarkly/go-server-sdk.v5/ldhttp/http_transport.go:43.66,45.2 1 0
gopkg.in/launchdarkly/go-server-sdk.v5/ldhttp/http_transport.go:51.64,52.25 1 1
gopkg.in/launchdarkly/go-server-sdk.v5/ldhttp/http_transport.go:59.2,59.50 1 1
gopkg.in/launchdarkly/go-server-sdk.v5/ldhttp/http_transport.go:62.2,62.12 1 1
gopkg.in/launchdarkly/go-server-sdk.v5/ldhttp/http_transport.go:52.25,55.17 3 1
gopkg.in/launchdarkly/go-server-sdk.v5/ldhttp/http_transport.go:55.17,57.4 1 0
gopkg.in/launchdarkly/go-server-sdk.v5/ldhttp/http_transport.go:59.50,61.3 1 1
gopkg.in/launchdarkly/go-server-sdk.v5/ldhttp/http_transport.go:67.52,69.2 1 1
gopkg.in/launchdarkly/go-server-sdk.v5/ldhttp/http_transport.go:75.68,77.16 2 1
gopkg.in/launchdarkly/go-server-sdk.v5/ldhttp/http_transport.go:80.2,80.50 1 1
gopkg.in/launchdarkly/go-server-sdk.v5/ldhttp/http_transport.go:77.16,79.3 1 1
gopkg.in/launchdarkly/go-server-sdk.v5/ldhttp/http_transport.go:85.56,87.2 1 1
gopkg.in/launchdarkly/go-server-sdk.v5/ldhttp/http_transport.go:91.47,93.2 1 1
gopkg.in/launchdarkly/go-server-sdk.v5/ldhttp/http_transport.go:99.63,102.2 2 1
gopkg.in/launchdarkly/go-server-sdk.v5/ldhttp/http_transport.go:109.89,113.28 2 1
gopkg.in/launchdarkly/go-server-sdk.v5/ldhttp/http_transport.go:119.2,125.33 4 1
gopkg.in/launchdarkly/go-server-sdk.v5/ldhttp/http_transport.go:128.2,128.34 1 1
gopkg.in/launchdarkly/go-server-sdk.v5/ldhttp/http_transport.go:131.2,131.31 1 1
gopkg.in/launchdarkly/go-server-sdk.v5/ldhttp/http_transport.go:113.28,115.17 2 1
gopkg.in/launchdarkly/go-server-sdk.v5/ldhttp/http_transport.go:115.17,117.4 1 1
gopkg.in/launchdarkly/go-server-sdk.v5/ldhttp/http_transport.go:125.33,127.3 1 1
gopkg.in/launchdarkly/go-server-sdk.v5/ldhttp/http_transport.go:128.34,130.3 1 1
gopkg.in/launchdarkly/go-server-sdk.v5/ldhttp/http_transport.go:134.44,144.2 1 1
gopkg.in/launchdarkly/go-server-sdk.v5/ldntlm/ntlm_proxy.go:40.66,41.56 1 1
gopkg.in/launchdarkly/go-server-sdk.v5/ldntlm/ntlm_proxy.go:44.2,45.16 2 1
gopkg.in/launchdarkly/go-server-sdk.v5/ldntlm/ntlm_proxy.go:49.2,49.66 1 1
gopkg.in/launchdarkly/go-server-sdk.v5/ldntlm/ntlm_proxy.go:52.2,52.29 1 1
gopkg.in/launchdarkly/go-server-sdk.v5/ldntlm/ntlm_proxy.go:41.56,43.3 1 0
gopkg.in/launchdarkly/go-server-sdk.v5/ldntlm/ntlm_proxy.go:45.16,47.3 1 0
gopkg.in/launchdarkly/go-server-sdk.v5/ldntlm/ntlm_proxy.go:49.66,51.3 1 0
gopkg.in/launchdarkly/go-server-sdk.v5/ldntlm/ntlm_proxy.go:52.29,54.80 2 1
gopkg.in/launchdarkly/go-server-sdk.v5/ldntlm/ntlm_proxy.go:59.3,59.17 1 1
gopkg.in/launchdarkly/go-server-sdk.v5/ldntlm/ntlm_proxy.go:54.80,58.4 2 1
gopkg.in/launchdarkly/go-server-sdk.v5/sharedtest/data_helpers.go:9.75,11.2 1 0
gopkg.in/launchdarkly/go-server-sdk.v5/sharedtest/data_helpers.go:14.74,16.2 1 0
gopkg.in/launchdarkly/go-server-sdk.v5/sharedtest/mock_logging.go:17.37,21.2 3 0
gopkg.in/launchdarkly/go-server-sdk.v5/sharedtest/mock_logging.go:41.34,45.2 3 0
gopkg.in/launchdarkly/go-server-sdk.v5/sharedtest/mock_logging.go:48.36,50.91 2 0
gopkg.in/launchdarkly/go-server-sdk.v5/sharedtest/mock_logging.go:53.2,53.12 1 0
gopkg.in/launchdarkly/go-server-sdk.v5/sharedtest/mock_logging.go:50.91,52.3 1 0
gopkg.in/launchdarkly/go-server-sdk.v5/sharedtest/mock_logging.go:57.65,64.2 6 0
gopkg.in/launchdarkly/go-server-sdk.v5/sharedtest/mock_logging.go:67.53,73.2 5 0
gopkg.in/launchdarkly/go-server-sdk.v5/sharedtest/mock_logging.go:75.67,81.2 5 0
gopkg.in/launchdarkly/go-server-sdk.v5/sharedtest/mock_logging.go:88.56,90.2 1 0
gopkg.in/launchdarkly/go-server-sdk.v5/sharedtest/mock_logging.go:92.70,94.2 1 0
gopkg.in/launchdarkly/go-server-sdk.v5/sharedtest/persistent_data_store_test_suite.go:14.37,16.2 1 0
gopkg.in/launchdarkly/go-server-sdk.v5/sharedtest/persistent_data_store_test_suite.go:22.3,26.37 2 1
gopkg.in/launchdarkly/go-server-sdk.v5/sharedtest/persistent_data_store_test_suite.go:26.37,28.3 1 1
gopkg.in/launchdarkly/go-server-sdk.v5/sharedtest/persistent_data_store_test_suite.go:35.3,38.34 1 1
gopkg.in/launchdarkly/go-server-sdk.v5/sharedtest/persistent_data_store_test_suite.go:38.34,41.3 2 1
gopkg.in/launchdarkly/go-server-sdk.v5/sharedtest/persistent_data_store_test_suite.go:41.8,45.3 3 1
gopkg.in/launchdarkly/go-server-sdk.v5/sharedtest/persistent_data_store_test_suite.go:81.33,86.2 1 1
gopkg.in/launchdarkly/go-server-sdk.v5/sharedtest/persistent_data_store_test_suite.go:97.33,100.2 2 1
gopkg.in/launchdarkly/go-server-sdk.v5/sharedtest/persistent_data_store_test_suite.go:104.96,107.2 2 1
gopkg.in/launchdarkly/go-server-sdk.v5/sharedtest/persistent_data_store_test_suite.go:110.58,111.47 1 1
gopkg.in/launchdarkly/go-server-sdk.v5/sharedtest/persistent_data_store_test_suite.go:115.2,120.47 5 1
gopkg.in/launchdarkly/go-server-sdk.v5/sharedtest/persistent_data_store_test_suite.go:127.2,128.68 2 1
gopkg.in/launchdarkly/go-server-sdk.v5/sharedtest/persistent_data_store_test_suite.go:111.47,113.3 1 0
gopkg.in/launchdarkly/go-server-sdk.v5/sharedtest/persistent_data_store_test_suite.go:120.47,122.59 1 1
gopkg.in/launchdarkly/go-server-sdk.v5/sharedtest/persistent_data_store_test_suite.go:122.59,124.4 1 1
gopkg.in/launchdarkly/go-server-sdk.v5/sharedtest/persistent_data_store_test_suite.go:131.90,133.16 2 1
gopkg.in/launchdarkly/go-server-sdk.v5/sharedtest/persistent_data_store_test_suite.go:136.2,136.14 1 1
gopkg.in/launchdarkly/go-server-sdk.v5/sharedtest/persistent_data_store_test_suite.go:133.16,134.13 1 0
gopkg.in/launchdarkly/go-server-sdk.v5/sharedtest/persistent_data_store_test_suite.go:139.65,141.16 2 1
gopkg.in/launchdarkly/go-server-sdk.v5/sharedtest/persistent_data_store_test_suite.go:141.16,142.13 1 0
gopkg.in/launchdarkly/go-server-sdk.v5/sharedtest/persistent_data_store_test_suite.go:146.90,148.16 2 1
gopkg.in/launchdarkly/go-server-sdk.v5/sharedtest/persistent_data_store_test_suite.go:148.16,149.13 1 0
gopkg.in/launchdarkly/go-server-sdk.v5/sharedtest/persistent_data_store_test_suite.go:153.96,157.2 3 1
gopkg.in/launchdarkly/go-server-sdk.v5/sharedtest/persistent_data_store_test_suite.go:159.102,165.2 5 1
gopkg.in/launchdarkly/go-server-sdk.v5/sharedtest/persistent_data_store_test_suite.go:167.67,168.59 1 1
gopkg.in/launchdarkly/go-server-sdk.v5/sharedtest/persistent_data_store_test_suite.go:179.2,179.64 1 1
gopkg.in/launchdarkly/go-server-sdk.v5/sharedtest/persistent_data_store_test_suite.go:215.2,215.100 1 1
gopkg.in/launchdarkly/go-server-sdk.v5/sharedtest/persistent_data_store_test_suite.go:168.59,170.59 2 1
gopkg.in/launchdarkly/go-server-sdk.v5/sharedtest/persistent_data_store_test_suite.go:170.59,176.4 4 1
gopkg.in/launchdarkly/go-server-sdk.v5/sharedtest/persistent_data_store_test_suite.go:179.64,181.59 2 1
gopkg.in/launchdarkly/go-server-sdk.v5/sharedtest/persistent_data_store_test_suite.go:181.59,212.4 25 1
gopkg.in/launchdarkly/go-server-sdk.v5/sharedtest/persistent_data_store_test_suite.go:215.100,217.60 2 1
gopkg.in/launchdarkly/go-server-sdk.v5/sharedtest/persistent_data_store_test_suite.go:217.60,218.61 1 1
gopkg.in/launchdarkly/go-server-sdk.v5/sharedtest/persistent_data_store_test_suite.go:218.61,224.5 3 1
gopkg.in/launchdarkly/go-server-sdk.v5/sharedtest/persistent_data_store_test_suite.go:229.66,230.44 1 1
gopkg.in/launchdarkly/go-server-sdk.v5/sharedtest/persistent_data_store_test_suite.go:243.2,243.47 1 1
gopkg.in/launchdarkly/go-server-sdk.v5/sharedtest/persistent_data_store_test_suite.go:252.2,252.40 1 1
gopkg.in/launchdarkly/go-server-sdk.v5/sharedtest/persistent_data_store_test_suite.go:230.44,231.65 1 1
gopkg.in/launchdarkly/go-server-sdk.v5/sharedtest/persistent_data_store_test_suite.go:231.65,240.4 7 1
gopkg.in/launchdarkly/go-server-sdk.v5/sharedtest/persistent_data_store_test_suite.go:243.47,244.65 1 1
gopkg.in/launchdarkly/go-server-sdk.v5/sharedtest/persistent_data_store_test_suite.go:244.65,249.4 4 1
gopkg.in/launchdarkly/go-server-sdk.v5/sharedtest/persistent_data_store_test_suite.go:252.40,253.65 1 1
gopkg.in/launchdarkly/go-server-sdk.v5/sharedtest/persistent_data_store_test_suite.go:253.65,273.4 17 1
gopkg.in/launchdarkly/go-server-sdk.v5/sharedtest/persistent_data_store_test_suite.go:277.69,278.44 1 1
gopkg.in/launchdarkly/go-server-sdk.v5/sharedtest/persistent_data_store_test_suite.go:296.2,296.44 1 1
gopkg.in/launchdarkly/go-server-sdk.v5/sharedtest/persistent_data_store_test_suite.go:314.2,314.43 1 1
gopkg.in/launchdarkly/go-server-sdk.v5/sharedtest/persistent_data_store_test_suite.go:278.44,279.65 1 1
gopkg.in/launchdarkly/go-server-sdk.v5/sharedtest/persistent_data_store_test_suite.go:279.65,293.4 11 1
gopkg.in/launchdarkly/go-server-sdk.v5/sharedtest/persistent_data_store_test_suite.go:296.44,297.65 1 1
gopkg.in/launchdarkly/go-server-sdk.v5/sharedtest/persistent_data_store_test_suite.go:297.65,311.4 11 1
gopkg.in/launchdarkly/go-server-sdk.v5/sharedtest/persistent_data_store_test_suite.go:314.43,315.65 1 1
gopkg.in/launchdarkly/go-server-sdk.v5/sharedtest/persistent_data_store_test_suite.go:315.65,329.4 11 1
gopkg.in/launchdarkly/go-server-sdk.v5/sharedtest/persistent_data_store_test_suite.go:333.69,334.44 1 1
gopkg.in/launchdarkly/go-server-sdk.v5/sharedtest/persistent_data_store_test_suite.go:352.2,352.44 1 1
gopkg.in/launchdarkly/go-server-sdk.v5/sharedtest/persistent_data_store_test_suite.go:370.2,370.43 1 1
gopkg.in/launchdarkly/go-server-sdk.v5/sharedtest/persistent_data_store_test_suite.go:388.2,388.43 1 1
gopkg.in/launchdarkly/go-server-sdk.v5/sharedtest/persistent_data_store_test_suite.go:401.2,401.64 1 1
gopkg.in/launchdarkly/go-server-sdk.v5/sharedtest/persistent_data_store_test_suite.go:334.44,335.65 1 1
gopkg.in/launchdarkly/go-server-sdk.v5/sharedtest/persistent_data_store_test_suite.go:335.65,349.4 11 1
gopkg.in/launchdarkly/go-server-sdk.v5/sharedtest/persistent_data_store_test_suite.go:352.44,353.65 1 1
gopkg.in/launchdarkly/go-server-sdk.v5/sharedtest/persistent_data_store_test_suite.go:353.65,367.4 11 1
gopkg.in/launchdarkly/go-server-sdk.v5/sharedtest/persistent_data_store_test_suite.go:370.43,371.65 1 1
gopkg.in/launchdarkly/go-server-sdk.v5/sharedtest/persistent_data_store_test_suite.go:371.65,385.4 11 1
gopkg.in/launchdarkly/go-server-sdk.v5/sharedtest/persistent_data_store_test_suite.go:388.43,389.65 1 1
gopkg.in/launchdarkly/go-server-sdk.v5/sharedtest/persistent_data_store_test_suite.go:389.65,398.4 7 1
gopkg.in/launchdarkly/go-server-sdk.v5/sharedtest/persistent_data_store_test_suite.go:401.64,402.65 1 1
gopkg.in/launchdarkly/go-server-sdk.v5/sharedtest/persistent_data_store_test_suite.go:402.65,420.4 14 1
gopkg.in/launchdarkly/go-server-sdk.v5/sharedtest/persistent_data_store_test_suite.go:424.81,429.4 1 1
gopkg.in/launchdarkly/go-server-sdk.v5/sharedtest/persistent_data_store_test_suite.go:443.2,443.114 1 1
gopkg.in/launchdarkly/go-server-sdk.v5/sharedtest/persistent_data_store_test_suite.go:496.2,497.36 1 1
gopkg.in/launchdarkly/go-server-sdk.v5/sharedtest/persistent_data_store_test_suite.go:429.4,438.34 9 1
gopkg.in/launchdarkly/go-server-sdk.v5/sharedtest/persistent_data_store_test_suite.go:438.34,440.4 1 1
gopkg.in/launchdarkly/go-server-sdk.v5/sharedtest/persistent_data_store_test_suite.go:443.114,494.3 38 1
gopkg.in/launchdarkly/go-server-sdk.v5/sharedtest/persistent_data_store_test_suite.go:497.36,529.3 23 1
gopkg.in/launchdarkly/go-server-sdk.v5/sharedtest/persistent_data_store_test_suite.go:532.85,533.43 1 1
gopkg.in/launchdarkly/go-server-sdk.v5/sharedtest/persistent_data_store_test_suite.go:538.2,546.56 7 1
gopkg.in/launchdarkly/go-server-sdk.v5/sharedtest/persistent_data_store_test_suite.go:550.2,550.42 1 1
gopkg.in/launchdarkly/go-server-sdk.v5/sharedtest/persistent_data_store_test_suite.go:555.2,555.73 1 1
gopkg.in/launchdarkly/go-server-sdk.v5/sharedtest/persistent_data_store_test_suite.go:567.2,567.95 1 1
gopkg.in/launchdarkly/go-server-sdk.v5/sharedtest/persistent_data_store_test_suite.go:580.2,580.96 1 1
gopkg.in/launchdarkly/go-server-sdk.v5/sharedtest/persistent_data_store_test_suite.go:533.43,536.3 2 0
gopkg.in/launchdarkly/go-server-sdk.v5/sharedtest/persistent_data_store_test_suite.go:546.56,548.3 1 1
gopkg.in/launchdarkly/go-server-sdk.v5/sharedtest/persistent_data_store_test_suite.go:550.42,553.3 2 1
gopkg.in/launchdarkly/go-server-sdk.v5/sharedtest/persistent_data_store_test_suite.go:555.73,557.49 2 1
gopkg.in/launchdarkly/go-server-sdk.v5/sharedtest/persistent_data_store_test_suite.go:557.49,558.32 1 1
gopkg.in/launchdarkly/go-server-sdk.v5/sharedtest/persistent_data_store_test_suite.go:558.32,563.5 4 1
gopkg.in/launchdarkly/go-server-sdk.v5/sharedtest/persistent_data_store_test_suite.go:567.95,578.3 8 1
gopkg.in/launchdarkly/go-server-sdk.v5/sharedtest/persistent_data_store_test_suite.go:580.96,592.3 9 1
gopkg.in/launchdarkly/go-server-sdk.v5/sharedtest/temp_file.go:10.72,12.16 2 0
gopkg.in/launchdarkly/go-server-sdk.v5/sharedtest/temp_file.go:15.2,16.16 2 0
gopkg.in/launchdarkly/go-server-sdk.v5/sharedtest/temp_file.go:19.2,20.16 2 0
gopkg.in/launchdarkly/go-server-sdk.v5/sharedtest/temp_file.go:23.2,24.15 2 0
gopkg.in/launchdarkly/go-server-sdk.v5/sharedtest/temp_file.go:27.2,27.18 1 0
gopkg.in/launchdarkly/go-server-sdk.v5/sharedtest/temp_file.go:12.16,13.13 1 0
gopkg.in/launchdarkly/go-server-sdk.v5/sharedtest/temp_file.go:16.16,17.13 1 0
gopkg.in/launchdarkly/go-server-sdk.v5/sharedtest/temp_file.go:20.16,21.13 1 0
gopkg.in/launchdarkly/go-server-sdk.v5/sharedtest/temp_file.go:24.15,26.3 1 0
gopkg.in/launchdarkly/go-server-sdk.v5/sharedtest/capturing_data_store.go:33.80,40.2 1 0
gopkg.in/launchdarkly/go-server-sdk.v5/sharedtest/capturing_data_store.go:43.79,49.2 5 0
gopkg.in/launchdarkly/go-server-sdk.v5/sharedtest/capturing_data_store.go:52.117,54.2 1 0
gopkg.in/launchdarkly/go-server-sdk.v5/sharedtest/capturing_data_store.go:57.115,59.2 1 0
gopkg.in/launchdarkly/go-server-sdk.v5/sharedtest/capturing_data_store.go:66.17,72.2 5 0
gopkg.in/launchdarkly/go-server-sdk.v5/sharedtest/capturing_data_store.go:75.51,77.2 1 0
gopkg.in/launchdarkly/go-server-sdk.v5/sharedtest/capturing_data_store.go:81.63,85.2 3 0
gopkg.in/launchdarkly/go-server-sdk.v5/sharedtest/capturing_data_store.go:88.44,90.2 1 0
gopkg.in/launchdarkly/go-server-sdk.v5/sharedtest/capturing_data_store.go:93.87,97.2 3 0
gopkg.in/launchdarkly/go-server-sdk.v5/sharedtest/capturing_data_store.go:100.60,104.2 3 0
gopkg.in/launchdarkly/go-server-sdk.v5/sharedtest/capturing_data_store.go:110.32,111.9 1 0
gopkg.in/launchdarkly/go-server-sdk.v5/sharedtest/capturing_data_store.go:117.2,117.12 1 0
gopkg.in/launchdarkly/go-server-sdk.v5/sharedtest/capturing_data_store.go:112.27,113.16 1 0
gopkg.in/launchdarkly/go-server-sdk.v5/sharedtest/capturing_data_store.go:114.29,115.62 1 0
gopkg.in/launchdarkly/go-server-sdk.v5/sharedtest/capturing_data_store.go:125.3,126.9 1 0
gopkg.in/launchdarkly/go-server-sdk.v5/sharedtest/capturing_data_store.go:127.27,129.8 2 0
gopkg.in/launchdarkly/go-server-sdk.v5/sharedtest/capturing_data_store.go:130.29,131.62 1 0
gopkg.in/launchdarkly/go-server-sdk.v5/sharedtest/capturing_data_store.go:142.3,143.9 1 0
gopkg.in/launchdarkly/go-server-sdk.v5/sharedtest/capturing_data_store.go:144.31,148.8 4 0
gopkg.in/launchdarkly/go-server-sdk.v5/sharedtest/capturing_data_store.go:149.29,150.64 1 0
gopkg.in/launchdarkly/go-server-sdk.v5/sharedtest/capturing_data_store.go:161.3,162.9 1 0
gopkg.in/launchdarkly/go-server-sdk.v5/sharedtest/capturing_data_store.go:163.31,167.8 4 0
gopkg.in/launchdarkly/go-server-sdk.v5/sharedtest/capturing_data_store.go:168.29,169.66 1 0
gopkg.in/launchdarkly/go-server-sdk.v5/sharedtest/capturing_data_store.go:177.3,179.32 2 0
gopkg.in/launchdarkly/go-server-sdk.v5/sharedtest/capturing_data_store.go:179.32,181.20 2 0
gopkg.in/launchdarkly/go-server-sdk.v5/sharedtest/capturing_data_store.go:189.3,190.35 2 0
gopkg.in/launchdarkly/go-server-sdk.v5/sharedtest/capturing_data_store.go:182.38,183.32 1 0
gopkg.in/launchdarkly/go-server-sdk.v5/sharedtest/capturing_data_store.go:184.38,185.35 1 0
gopkg.in/launchdarkly/go-server-sdk.v5/sharedtest/capturing_data_store.go:186.11,187.63 1 0
gopkg.in/launchdarkly/go-server-sdk.v5/sharedtest/capturing_data_store.go:190.35,197.4 6 0
gopkg.in/launchdarkly/go-server-sdk.v5/sharedtest/events.go:14.97,16.27 2 0
gopkg.in/launchdarkly/go-server-sdk.v5/sharedtest/events.go:19.2,21.33 2 0
gopkg.in/launchdarkly/go-server-sdk.v5/sharedtest/events.go:34.2,35.37 2 0
gopkg.in/launchdarkly/go-server-sdk.v5/sharedtest/events.go:16.27,18.3 1 0
gopkg.in/launchdarkly/go-server-sdk.v5/sharedtest/events.go:21.33,22.10 1 0
gopkg.in/launchdarkly/go-server-sdk.v5/sharedtest/events.go:23.26,24.11 1 0
gopkg.in/launchdarkly/go-server-sdk.v5/sharedtest/events.go:27.4,27.43 1 0
gopkg.in/launchdarkly/go-server-sdk.v5/sharedtest/events.go:28.34,31.10 2 0
gopkg.in/launchdarkly/go-server-sdk.v5/sharedtest/events.go:24.11,25.19 1 0
gopkg.in/launchdarkly/go-server-sdk.v5/sharedtest/events.go:40.87,41.9 1 0
gopkg.in/launchdarkly/go-server-sdk.v5/sharedtest/events.go:42.25,43.10 1 0
gopkg.in/launchdarkly/go-server-sdk.v5/sharedtest/events.go:46.3,46.67 1 0
gopkg.in/launchdarkly/go-server-sdk.v5/sharedtest/events.go:47.44,47.44 0 0
gopkg.in/launchdarkly/go-server-sdk.v5/sharedtest/events.go:43.10,45.4 1 0
gopkg.in/launchdarkly/go-server-sdk.v5/sharedtest/events.go:53.97,54.9 1 0
gopkg.in/launchdarkly/go-server-sdk.v5/sharedtest/events.go:55.25,56.10 1 0
gopkg.in/launchdarkly/go-server-sdk.v5/sharedtest/events.go:59.3,59.67 1 0
gopkg.in/launchdarkly/go-server-sdk.v5/sharedtest/events.go:60.44,60.44 0 0
gopkg.in/launchdarkly/go-server-sdk.v5/sharedtest/events.go:56.10,58.4 1 0
gopkg.in/launchdarkly/go-server-sdk.v5/sharedtest/mock_data.go:14.68,23.29 3 0
gopkg.in/launchdarkly/go-server-sdk.v5/sharedtest/mock_data.go:34.2,34.58 1 0
gopkg.in/launchdarkly/go-server-sdk.v5/sharedtest/mock_data.go:23.29,28.23 2 0
gopkg.in/launchdarkly/go-server-sdk.v5/sharedtest/mock_data.go:28.23,30.4 1 0
gopkg.in/launchdarkly/go-server-sdk.v5/sharedtest/mock_data.go:30.9,32.4 1 0
gopkg.in/launchdarkly/go-server-sdk.v5/sharedtest/mock_data.go:38.88,47.29 3 1
gopkg.in/launchdarkly/go-server-sdk.v5/sharedtest/mock_data.go:58.2,58.68 1 1
gopkg.in/launchdarkly/go-server-sdk.v5/sharedtest/mock_data.go:47.29,52.23 2 1
gopkg.in/launchdarkly/go-server-sdk.v5/sharedtest/mock_data.go:52.23,54.4 1 1
gopkg.in/launchdarkly/go-server-sdk.v5/sharedtest/mock_data.go:54.9,56.4 1 1
gopkg.in/launchdarkly/go-server-sdk.v5/sharedtest/mock_data.go:63.49,65.29 2 1
gopkg.in/launchdarkly/go-server-sdk.v5/sharedtest/mock_data.go:68.2,68.12 1 1
gopkg.in/launchdarkly/go-server-sdk.v5/sharedtest/mock_data.go:65.29,67.3 1 1
gopkg.in/launchdarkly/go-server-sdk.v5/sharedtest/mock_data.go:81.67,83.2 1 1
gopkg.in/launchdarkly/go-server-sdk.v5/sharedtest/mock_data.go:86.77,88.2 1 0
gopkg.in/launchdarkly/go-server-sdk.v5/sharedtest/mock_data.go:91.87,97.2 1 1
gopkg.in/launchdarkly/go-server-sdk.v5/sharedtest/mock_data.go:106.41,107.16 1 0
gopkg.in/launchdarkly/go-server-sdk.v5/sharedtest/mock_data.go:110.2,110.16 1 0
gopkg.in/launchdarkly/go-server-sdk.v5/sharedtest/mock_data.go:107.16,109.3 1 0
gopkg.in/launchdarkly/go-server-sdk.v5/sharedtest/mock_data.go:113.40,115.2 1 0
gopkg.in/launchdarkly/go-server-sdk.v5/sharedtest/mock_data.go:117.72,118.22 1 1
gopkg.in/launchdarkly/go-server-sdk.v5/sharedtest/mock_data.go:121.2,121.45 1 1
gopkg.in/launchdarkly/go-server-sdk.v5/sharedtest/mock_data.go:124.2,124.12 1 0
gopkg.in/launchdarkly/go-server-sdk.v5/sharedtest/mock_data.go:118.22,120.3 1 0
gopkg.in/launchdarkly/go-server-sdk.v5/sharedtest/mock_data.go:121.45,123.3 1 1
gopkg.in/launchdarkly/go-server-sdk.v5/sharedtest/mock_data.go:127.83,128.17 1 1
gopkg.in/launchdarkly/go-server-sdk.v5/sharedtest/mock_data.go:131.2,132.38 2 1
gopkg.in/launchdarkly/go-server-sdk.v5/sharedtest/mock_data.go:136.2,137.22 2 1
gopkg.in/launchdarkly/go-server-sdk.v5/sharedtest/mock_data.go:150.2,150.98 1 0
gopkg.in/launchdarkly/go-server-sdk.v5/sharedtest/mock_data.go:128.17,130.3 1 0
gopkg.in/launchdarkly/go-server-sdk.v5/sharedtest/mock_data.go:132.38,135.3 2 0
gopkg.in/launchdarkly/go-server-sdk.v5/sharedtest/mock_data.go:137.22,140.32 3 1
gopkg.in/launchdarkly/go-server-sdk.v5/sharedtest/mock_data.go:143.3,144.16 2 1
gopkg.in/launchdarkly/go-server-sdk.v5/sharedtest/mock_data.go:147.3,148.60 2 1
gopkg.in/launchdarkly/go-server-sdk.v5/sharedtest/mock_data.go:140.32,142.4 1 0
gopkg.in/launchdarkly/go-server-sdk.v5/sharedtest/mock_data.go:144.16,146.4 1 1
gopkg.in/launchdarkly/go-server-sdk.v5/sharedtest/mock_data_source_updates.go:27.86,39.2 3 0
gopkg.in/launchdarkly/go-server-sdk.v5/sharedtest/mock_data_source_updates.go:42.81,45.2 2 0
gopkg.in/launchdarkly/go-server-sdk.v5/sharedtest/mock_data_source_updates.go:52.8,55.2 2 0
gopkg.in/launchdarkly/go-server-sdk.v5/sharedtest/mock_data_source_updates.go:61.3,64.59 3 0
gopkg.in/launchdarkly/go-server-sdk.v5/sharedtest/mock_data_source_updates.go:64.59,67.3 2 0
gopkg.in/launchdarkly/go-server-sdk.v5/sharedtest/mock_data_source_updates.go:72.97,74.2 1 0
gopkg.in/launchdarkly/go-server-sdk.v5/sharedtest/mock_data_source_updates.go:77.89,79.2 1 0
gopkg.in/launchdarkly/go-server-sdk.v5/sharedtest/mock_data_source_updates.go:85.31,90.2 3 0
gopkg.in/launchdarkly/go-server-sdk.v5/sharedtest/mock_data_source_updates.go:93.89,94.9 1 0
gopkg.in/launchdarkly/go-server-sdk.v5/sharedtest/mock_data_source_updates.go:95.25,96.11 1 0
gopkg.in/launchdarkly/go-server-sdk.v5/sharedtest/mock_data_source_updates.go:97.33,99.39 2 0
gopkg.in/launchdarkly/go-server-sdk.v5/sharedtest/mock_data_source_updates.go:110.78,114.2 3 0
gopkg.in/launchdarkly/go-server-sdk.v5/sharedtest/mock_data_source_updates.go:116.72,118.2 1 0
gopkg.in/launchdarkly/go-server-sdk.v5/sharedtest/mock_data_source_updates.go:120.93,122.2 1 0
gopkg.in/launchdarkly/go-server-sdk.v5/sharedtest/mock_data_source_updates.go:124.99,125.2 0 0
gopkg.in/launchdarkly/go-server-sdk.v5/sharedtest/mock_persistent_data_store.go:15.54,20.2 1 1
gopkg.in/launchdarkly/go-server-sdk.v5/sharedtest/mock_persistent_data_store.go:22.54,23.44 1 1
gopkg.in/launchdarkly/go-server-sdk.v5/sharedtest/mock_persistent_data_store.go:28.2,28.44 1 1
gopkg.in/launchdarkly/go-server-sdk.v5/sharedtest/mock_persistent_data_store.go:23.44,24.20 1 1
gopkg.in/launchdarkly/go-server-sdk.v5/sharedtest/mock_persistent_data_store.go:24.20,26.4 1 1
gopkg.in/launchdarkly/go-server-sdk.v5/sharedtest/mock_persistent_data_store.go:28.44,30.3 1 1
gopkg.in/launchdarkly/go-server-sdk.v5/sharedtest/mock_persistent_data_store.go:48.85,53.2 1 1
gopkg.in/launchdarkly/go-server-sdk.v5/sharedtest/mock_persistent_data_store.go:56.60,60.2 3 0
gopkg.in/launchdarkly/go-server-sdk.v5/sharedtest/mock_persistent_data_store.go:66.28,68.43 2 1
gopkg.in/launchdarkly/go-server-sdk.v5/sharedtest/mock_persistent_data_store.go:73.2,75.10 3 1
gopkg.in/launchdarkly/go-server-sdk.v5/sharedtest/mock_persistent_data_store.go:68.43,72.3 3 1
gopkg.in/launchdarkly/go-server-sdk.v5/sharedtest/mock_persistent_data_store.go:80.103,86.2 5 0
gopkg.in/launchdarkly/go-server-sdk.v5/sharedtest/mock_persistent_data_store.go:89.116,92.38 3 0
gopkg.in/launchdarkly/go-server-sdk.v5/sharedtest/mock_persistent_data_store.go:95.2,95.56 1 0
gopkg.in/launchdarkly/go-server-sdk.v5/sharedtest/mock_persistent_data_store.go:92.38,94.3 1 0
gopkg.in/launchdarkly/go-server-sdk.v5/sharedtest/mock_persistent_data_store.go:103.3,107.2 3 0
gopkg.in/launchdarkly/go-server-sdk.v5/sharedtest/mock_persistent_data_store.go:110.84,114.2 3 0
gopkg.in/launchdarkly/go-server-sdk.v5/sharedtest/mock_persistent_data_store.go:117.63,121.2 3 0
gopkg.in/launchdarkly/go-server-sdk.v5/sharedtest/mock_persistent_data_store.go:124.64,128.2 3 0
gopkg.in/launchdarkly/go-server-sdk.v5/sharedtest/mock_persistent_data_store.go:131.65,135.2 3 0
gopkg.in/launchdarkly/go-server-sdk.v5/sharedtest/mock_persistent_data_store.go:137.48,138.29 1 1
gopkg.in/launchdarkly/go-server-sdk.v5/sharedtest/mock_persistent_data_store.go:141.2,141.22 1 1
gopkg.in/launchdarkly/go-server-sdk.v5/sharedtest/mock_persistent_data_store.go:138.29,140.3 1 0
gopkg.in/launchdarkly/go-server-sdk.v5/sharedtest/mock_persistent_data_store.go:141.22,143.3 1 0
gopkg.in/launchdarkly/go-server-sdk.v5/sharedtest/mock_persistent_data_store.go:147.88,150.24 3 1
gopkg.in/launchdarkly/go-server-sdk.v5/sharedtest/mock_persistent_data_store.go:153.2,153.28 1 1
gopkg.in/launchdarkly/go-server-sdk.v5/sharedtest/mock_persistent_data_store.go:158.2,158.31 1 1
gopkg.in/launchdarkly/go-server-sdk.v5/sharedtest/mock_persistent_data_store.go:165.2,166.12 2 1
gopkg.in/launchdarkly/go-server-sdk.v5/sharedtest/mock_persistent_data_store.go:150.24,152.3 1 0
gopkg.in/launchdarkly/go-server-sdk.v5/sharedtest/mock_persistent_data_store.go:153.28,154.21 1 1
gopkg.in/launchdarkly/go-server-sdk.v5/sharedtest/mock_persistent_data_store.go:154.21,156.4 1 1
gopkg.in/launchdarkly/go-server-sdk.v5/sharedtest/mock_persistent_data_store.go:158.31,160.35 2 1
gopkg.in/launchdarkly/go-server-sdk.v5/sharedtest/mock_persistent_data_store.go:163.3,163.31 1 1
gopkg.in/launchdarkly/go-server-sdk.v5/sharedtest/mock_persistent_data_store.go:160.35,162.4 1 1
gopkg.in/launchdarkly/go-server-sdk.v5/sharedtest/mock_persistent_data_store.go:170.120,173.24 3 1
gopkg.in/launchdarkly/go-server-sdk.v5/sharedtest/mock_persistent_data_store.go:176.2,177.39 2 1
gopkg.in/launchdarkly/go-server-sdk.v5/sharedtest/mock_persistent_data_store.go:180.2,180.61 1 1
gopkg.in/launchdarkly/go-server-sdk.v5/sharedtest/mock_persistent_data_store.go:173.24,175.3 1 0
gopkg.in/launchdarkly/go-server-sdk.v5/sharedtest/mock_persistent_data_store.go:177.39,179.3 1 1
gopkg.in/launchdarkly/go-server-sdk.v5/sharedtest/mock_persistent_data_store.go:184.118,187.24 3 1
gopkg.in/launchdarkly/go-server-sdk.v5/sharedtest/mock_persistent_data_store.go:190.2,192.33 3 1
gopkg.in/launchdarkly/go-server-sdk.v5/sharedtest/mock_persistent_data_store.go:195.2,195.17 1 1
gopkg.in/launchdarkly/go-server-sdk.v5/sharedtest/mock_persistent_data_store.go:187.24,189.3 1 0
gopkg.in/launchdarkly/go-server-sdk.v5/sharedtest/mock_persistent_data_store.go:192.33,194.3 1 1
gopkg.in/launchdarkly/go-server-sdk.v5/sharedtest/mock_persistent_data_store.go:203.17,206.24 3 1
gopkg.in/launchdarkly/go-server-sdk.v5/sharedtest/mock_persistent_data_store.go:209.2,209.25 1 1
gopkg.in/launchdarkly/go-server-sdk.v5/sharedtest/mock_persistent_data_store.go:212.2,212.42 1 1
gopkg.in/launchdarkly/go-server-sdk.v5/sharedtest/mock_persistent_data_store.go:224.2,225.18 2 1
gopkg.in/launchdarkly/go-server-sdk.v5/sharedtest/mock_persistent_data_store.go:206.24,208.3 1 0
gopkg.in/launchdarkly/go-server-sdk.v5/sharedtest/mock_persistent_data_store.go:209.25,211.3 1 1
gopkg.in/launchdarkly/go-server-sdk.v5/sharedtest/mock_persistent_data_store.go:212.42,214.28 2 1
gopkg.in/launchdarkly/go-server-sdk.v5/sharedtest/mock_persistent_data_store.go:220.3,220.36 1 1
gopkg.in/launchdarkly/go-server-sdk.v5/sharedtest/mock_persistent_data_store.go:214.28,219.4 2 1
gopkg.in/launchdarkly/go-server-sdk.v5/sharedtest/mock_persistent_data_store.go:220.36,222.4 1 1
gopkg.in/launchdarkly/go-server-sdk.v5/sharedtest/mock_persistent_data_store.go:229.56,234.2 4 1
gopkg.in/launchdarkly/go-server-sdk.v5/sharedtest/mock_persistent_data_store.go:237.59,241.2 3 1
gopkg.in/launchdarkly/go-server-sdk.v5/sharedtest/mock_persistent_data_store.go:244.49,249.2 4 1
gopkg.in/launchdarkly/go-server-sdk.v5/sharedtest/mock_persistent_data_store.go:253.38,254.27 1 1
gopkg.in/launchdarkly/go-server-sdk.v5/sharedtest/mock_persistent_data_store.go:258.2,258.13 1 1
gopkg.in/launchdarkly/go-server-sdk.v5/sharedtest/mock_persistent_data_store.go:254.27,257.3 1 1
gopkg.in/launchdarkly/go-server-sdk.v5/sharedtest/mock_persistent_data_store.go:263.38,264.44 1 1
gopkg.in/launchdarkly/go-server-sdk.v5/sharedtest/mock_persistent_data_store.go:269.2,269.13 1 1
gopkg.in/launchdarkly/go-server-sdk.v5/sharedtest/mock_persistent_data_store.go:264.44,268.3 1 1
gopkg.in/launchdarkly/go-server-sdk.v5/sharedtest/test_context.go:18.67,20.2 1 1
gopkg.in/launchdarkly/go-server-sdk.v5/sharedtest/test_context.go:27.28,29.2 1 1
gopkg.in/launchdarkly/go-server-sdk.v5/sharedtest/test_context.go:31.69,33.2 1 0
gopkg.in/launchdarkly/go-server-sdk.v5/sharedtest/test_context.go:35.67,37.2 1 0
gopkg.in/launchdarkly/go-server-sdk.v5/sharedtest/test_context.go:39.73,41.2 1 0
gopkg.in/launchdarkly/go-server-sdk.v5/sharedtest/test_context.go:44.53,46.2 1 0
gopkg.in/launchdarkly/go-server-sdk.v5/sharedtest/test_context.go:49.52,51.2 1 1
gopkg.in/launchdarkly/go-server-sdk.v5/sharedtest/test_context.go:54.59,56.2 1 0
gopkg.in/launchdarkly/go-server-sdk.v5/sharedtest/test_context.go:59.58,61.2 1 1
gopkg.in/launchdarkly/go-server-sdk.v5/sharedtest/test_context.go:66.64,68.2 1 0
gopkg.in/launchdarkly/go-server-sdk.v5/sharedtest/test_context.go:70.64,73.2 2 0
gopkg.in/launchdarkly/go-server-sdk.v5/sharedtest/test_context.go:77.41,79.2 1 0
gopkg.in/launchdarkly/go-server-sdk.v5/sharedtest/test_context.go:84.64,86.2 1 0
gopkg.in/launchdarkly/go-server-sdk.v5/sharedtest/test_context.go:88.63,90.2 1 0
gopkg.in/launchdarkly/go-server-sdk.v5/sharedtest/test_context.go:92.86,94.2 1 0
gopkg.in/launchdarkly/go-server-sdk.v5/sharedtest/test_context.go:96.62,98.2 1 0
gopkg.in/launchdarkly/go-server-sdk.v5/sharedtest/test_context.go:102.44,104.2 1 0
gopkg.in/launchdarkly/go-server-sdk.v5/ldclient.go:86.74,88.2 1 0
gopkg.in/launchdarkly/go-server-sdk.v5/ldclient.go:120.95,127.30 4 1
gopkg.in/launchdarkly/go-server-sdk.v5/ldclient.go:133.2,134.16 2 1
gopkg.in/launchdarkly/go-server-sdk.v5/ldclient.go:138.2,151.16 7 1
gopkg.in/launchdarkly/go-server-sdk.v5/ldclient.go:154.2,172.16 9 1
gopkg.in/launchdarkly/go-server-sdk.v5/ldclient.go:175.2,175.56 1 1
gopkg.in/launchdarkly/go-server-sdk.v5/ldclient.go:183.2,185.16 3 1
gopkg.in/launchdarkly/go-server-sdk.v5/ldclient.go:188.2,195.84 2 1
gopkg.in/launchdarkly/go-server-sdk.v5/ldclient.go:201.2,202.70 2 1
gopkg.in/launchdarkly/go-server-sdk.v5/ldclient.go:223.2,223.12 1 1
gopkg.in/launchdarkly/go-server-sdk.v5/ldclient.go:224.2,224.21 1 1
gopkg.in/launchdarkly/go-server-sdk.v5/ldclient.go:127.30,128.89 1 1
gopkg.in/launchdarkly/go-server-sdk.v5/ldclient.go:128.89,130.4 1 1
gopkg.in/launchdarkly/go-server-sdk.v5/ldclient.go:134.16,136.3 1 1
gopkg.in/launchdarkly/go-server-sdk.v5/ldclient.go:151.16,153.3 1 1
gopkg.in/launchdarkly/go-server-sdk.v5/ldclient.go:172.16,174.3 1 1
gopkg.in/launchdarkly/go-server-sdk.v5/ldclient.go:175.56,178.3 2 1
gopkg.in/launchdarkly/go-server-sdk.v5/ldclient.go:178.8,181.3 2 1
gopkg.in/launchdarkly/go-server-sdk.v5/ldclient.go:185.16,187.3 1 1
gopkg.in/launchdarkly/go-server-sdk.v5/ldclient.go:195.84,198.4 2 1
gopkg.in/launchdarkly/go-server-sdk.v5/ldclient.go:202.70,206.7 3 1
gopkg.in/launchdarkly/go-server-sdk.v5/ldclient.go:206.7,207.11 1 1
gopkg.in/launchdarkly/go-server-sdk.v5/ldclient.go:208.26,209.43 1 1
gopkg.in/launchdarkly/go-server-sdk.v5/ldclient.go:214.5,215.24 2 1
gopkg.in/launchdarkly/go-server-sdk.v5/ldclient.go:216.19,218.15 2 1
gopkg.in/launchdarkly/go-server-sdk.v5/ldclient.go:219.5,219.45 1 1
gopkg.in/launchdarkly/go-server-sdk.v5/ldclient.go:209.43,212.6 2 1
gopkg.in/launchdarkly/go-server-sdk.v5/ldclient.go:218.15,218.35 1 1
gopkg.in/launchdarkly/go-server-sdk.v5/ldclient.go:223.12,223.32 1 1
gopkg.in/launchdarkly/go-server-sdk.v5/ldclient.go:227.69,228.29 1 1
gopkg.in/launchdarkly/go-server-sdk.v5/ldclient.go:231.2,231.25 1 1
gopkg.in/launchdarkly/go-server-sdk.v5/ldclient.go:228.29,230.3 1 1
gopkg.in/launchdarkly/go-server-sdk.v5/ldclient.go:238.34,239.20 1 1
gopkg.in/launchdarkly/go-server-sdk.v5/ldclient.go:244.2,245.20 2 1
gopkg.in/launchdarkly/go-server-sdk.v5/ldclient.go:248.2,248.61 1 1
gopkg.in/launchdarkly/go-server-sdk.v5/ldclient.go:239.20,243.3 3 1
gopkg.in/launchdarkly/go-server-sdk.v5/ldclient.go:245.20,247.3 1 0
gopkg.in/launchdarkly/go-server-sdk.v5/ldclient.go:252.58,253.35 1 1
gopkg.in/launchdarkly/go-server-sdk.v5/ldclient.go:256.2,256.25 1 1
gopkg.in/launchdarkly/go-server-sdk.v5/ldclient.go:260.2,262.12 3 1
gopkg.in/launchdarkly/go-server-sdk.v5/ldclient.go:253.35,255.3 1 0
gopkg.in/launchdarkly/go-server-sdk.v5/ldclient.go:256.25,259.3 2 1
gopkg.in/launchdarkly/go-server-sdk.v5/ldclient.go:271.78,273.2 1 1
gopkg.in/launchdarkly/go-server-sdk.v5/ldclient.go:284.97,285.35 1 1
gopkg.in/launchdarkly/go-server-sdk.v5/ldclient.go:288.2,288.25 1 1
gopkg.in/launchdarkly/go-server-sdk.v5/ldclient.go:292.2,300.12 2 1
gopkg.in/launchdarkly/go-server-sdk.v5/ldclient.go:285.35,287.3 1 0
gopkg.in/launchdarkly/go-server-sdk.v5/ldclient.go:288.25,291.3 2 1
gopkg.in/launchdarkly/go-server-sdk.v5/ldclient.go:313.120,314.35 1 1
gopkg.in/launchdarkly/go-server-sdk.v5/ldclient.go:317.2,317.25 1 1
gopkg.in/launchdarkly/go-server-sdk.v5/ldclient.go:321.2,329.12 2 1
gopkg.in/launchdarkly/go-server-sdk.v5/ldclient.go:314.35,316.3 1 0
gopkg.in/launchdarkly/go-server-sdk.v5/ldclient.go:317.25,320.3 2 1
gopkg.in/launchdarkly/go-server-sdk.v5/ldclient.go:333.42,335.2 1 1
gopkg.in/launchdarkly/go-server-sdk.v5/ldclient.go:339.65,344.2 4 1
gopkg.in/launchdarkly/go-server-sdk.v5/ldclient.go:347.44,349.2 1 1
gopkg.in/launchdarkly/go-server-sdk.v5/ldclient.go:354.39,363.2 8 1
gopkg.in/launchdarkly/go-server-sdk.v5/ldclient.go:368.33,370.2 1 1
gopkg.in/launchdarkly/go-server-sdk.v5/ldclient.go:379.104,381.24 2 1
gopkg.in/launchdarkly/go-server-sdk.v5/ldclient.go:393.2,393.12 1 1
gopkg.in/launchdarkly/go-server-sdk.v5/ldclient.go:397.2,398.16 2 1
gopkg.in/launchdarkly/go-server-sdk.v5/ldclient.go:403.2,407.29 5 1
gopkg.in/launchdarkly/go-server-sdk.v5/ldclient.go:423.2,423.14 1 1
gopkg.in/launchdarkly/go-server-sdk.v5/ldclient.go:381.24,384.3 2 1
gopkg.in/launchdarkly/go-server-sdk.v5/ldclient.go:384.8,384.34 1 1
gopkg.in/launchdarkly/go-server-sdk.v5/ldclient.go:384.34,385.35 1 0
gopkg.in/launchdarkly/go-server-sdk.v5/ldclient.go:385.35,387.4 1 0
gopkg.in/launchdarkly/go-server-sdk.v5/ldclient.go:387.9,390.4 2 0
gopkg.in/launchdarkly/go-server-sdk.v5/ldclient.go:393.12,395.3 1 1
gopkg.in/launchdarkly/go-server-sdk.v5/ldclient.go:398.16,401.3 2 0
gopkg.in/launchdarkly/go-server-sdk.v5/ldclient.go:407.29,408.28 1 1
gopkg.in/launchdarkly/go-server-sdk.v5/ldclient.go:408.28,409.61 1 1
gopkg.in/launchdarkly/go-server-sdk.v5/ldclient.go:409.61,410.43 1 1
gopkg.in/launchdarkly/go-server-sdk.v5/ldclient.go:413.5,415.20 3 1
gopkg.in/launchdarkly/go-server-sdk.v5/ldclient.go:418.5,418.92 1 1
gopkg.in/launchdarkly/go-server-sdk.v5/ldclient.go:410.43,411.14 1 1
gopkg.in/launchdarkly/go-server-sdk.v5/ldclient.go:415.20,417.6 1 1
gopkg.in/launchdarkly/go-server-sdk.v5/ldclient.go:430.100,433.2 2 1
gopkg.in/launchdarkly/go-server-sdk.v5/ldclient.go:441.44,444.2 2 1
gopkg.in/launchdarkly/go-server-sdk.v5/ldclient.go:452.97,455.2 2 1
gopkg.in/launchdarkly/go-server-sdk.v5/ldclient.go:463.43,466.2 2 1
gopkg.in/launchdarkly/go-server-sdk.v5/ldclient.go:472.109,475.2 2 1
gopkg.in/launchdarkly/go-server-sdk.v5/ldclient.go:483.47,486.2 2 1
gopkg.in/launchdarkly/go-server-sdk.v5/ldclient.go:492.106,495.2 2 1
gopkg.in/launchdarkly/go-server-sdk.v5/ldclient.go:503.46,506.2 2 1
gopkg.in/launchdarkly/go-server-sdk.v5/ldclient.go:529.118,532.2 2 1
gopkg.in/launchdarkly/go-server-sdk.v5/ldclient.go:540.53,543.2 2 1
gopkg.in/launchdarkly/go-server-sdk.v5/ldclient.go:551.91,553.2 1 1
gopkg.in/launchdarkly/go-server-sdk.v5/ldclient.go:561.89,563.2 1 1
gopkg.in/launchdarkly/go-server-sdk.v5/ldclient.go:566.65,568.2 1 1
gopkg.in/launchdarkly/go-server-sdk.v5/ldclient.go:577.38,578.24 1 1
gopkg.in/launchdarkly/go-server-sdk.v5/ldclient.go:581.2,582.25 2 1
gopkg.in/launchdarkly/go-server-sdk.v5/ldclient.go:585.2,586.16 2 1
gopkg.in/launchdarkly/go-server-sdk.v5/ldclient.go:593.2,593.27 1 1
gopkg.in/launchdarkly/go-server-sdk.v5/ldclient.go:611.2,611.20 1 1
gopkg.in/launchdarkly/go-server-sdk.v5/ldclient.go:578.24,580.3 1 1
gopkg.in/launchdarkly/go-server-sdk.v5/ldclient.go:582.25,584.3 1 1
gopkg.in/launchdarkly/go-server-sdk.v5/ldclient.go:586.16,589.3 2 1
gopkg.in/launchdarkly/go-server-sdk.v5/ldclient.go:589.8,589.107 1 1
gopkg.in/launchdarkly/go-server-sdk.v5/ldclient.go:589.107,591.3 1 0
gopkg.in/launchdarkly/go-server-sdk.v5/ldclient.go:593.27,595.18 2 1
gopkg.in/launchdarkly/go-server-sdk.v5/ldclient.go:608.3,608.39 1 1
gopkg.in/launchdarkly/go-server-sdk.v5/ldclient.go:595.18,597.4 1 1
gopkg.in/launchdarkly/go-server-sdk.v5/ldclient.go:597.9,607.4 1 1
gopkg.in/launchdarkly/go-server-sdk.v5/ldclient.go:621.60,625.25 1 1
gopkg.in/launchdarkly/go-server-sdk.v5/ldclient.go:629.2,637.61 4 1
gopkg.in/launchdarkly/go-server-sdk.v5/ldclient.go:645.2,645.27 1 1
gopkg.in/launchdarkly/go-server-sdk.v5/ldclient.go:653.2,655.21 2 1
gopkg.in/launchdarkly/go-server-sdk.v5/ldclient.go:661.2,661.26 1 1
gopkg.in/launchdarkly/go-server-sdk.v5/ldclient.go:676.2,677.87 2 1
gopkg.in/launchdarkly/go-server-sdk.v5/ldclient.go:681.2,681.29 1 1
gopkg.in/launchdarkly/go-server-sdk.v5/ldclient.go:685.2,685.29 1 1
gopkg.in/launchdarkly/go-server-sdk.v5/ldclient.go:625.25,627.3 1 0
gopkg.in/launchdarkly/go-server-sdk.v5/ldclient.go:637.61,639.33 2 1
gopkg.in/launchdarkly/go-server-sdk.v5/ldclient.go:642.3,642.27 1 1
gopkg.in/launchdarkly/go-server-sdk.v5/ldclient.go:639.33,641.4 1 1
gopkg.in/launchdarkly/go-server-sdk.v5/ldclient.go:645.27,646.35 1 1
gopkg.in/launchdarkly/go-server-sdk.v5/ldclient.go:646.35,648.4 1 0
gopkg.in/launchdarkly/go-server-sdk.v5/ldclient.go:648.9,650.4 1 1
gopkg.in/launchdarkly/go-server-sdk.v5/ldclient.go:655.21,659.3 3 0
gopkg.in/launchdarkly/go-server-sdk.v5/ldclient.go:661.26,663.10 2 1
gopkg.in/launchdarkly/go-server-sdk.v5/ldclient.go:663.10,670.4 1 0
gopkg.in/launchdarkly/go-server-sdk.v5/ldclient.go:671.8,674.3 1 1
gopkg.in/launchdarkly/go-server-sdk.v5/ldclient.go:677.87,680.3 1 1
gopkg.in/launchdarkly/go-server-sdk.v5/ldclient.go:681.29,684.3 2 1
gopkg.in/launchdarkly/go-server-sdk.v5/ldclient.go:688.110,694.2 1 1
gopkg.in/launchdarkly/go-server-sdk.v5/ldclient_events.go:32.75,33.60 1 1
gopkg.in/launchdarkly/go-server-sdk.v5/ldclient_events.go:36.2,36.14 1 1
gopkg.in/launchdarkly/go-server-sdk.v5/ldclient_events.go:33.60,35.3 1 1
gopkg.in/launchdarkly/go-server-sdk.v5/ldclient_events.go:39.79,40.20 1 1
gopkg.in/launchdarkly/go-server-sdk.v5/ldclient_events.go:43.2,43.26 1 1
gopkg.in/launchdarkly/go-server-sdk.v5/ldclient_events.go:46.2,46.22 1 1
gopkg.in/launchdarkly/go-server-sdk.v5/ldclient_events.go:40.20,42.3 1 1
gopkg.in/launchdarkly/go-server-sdk.v5/ldclient_events.go:43.26,45.3 1 1
gopkg.in/launchdarkly/go-server-sdk.v5/ldclient_events.go:59.43,61.2 1 1
gopkg.in/launchdarkly/go-server-sdk.v5/ldclient_events.go:63.69,67.72 2 1
gopkg.in/launchdarkly/go-server-sdk.v5/ldclient_events.go:67.72,78.4 2 1
gopkg.in/launchdarkly/go-server-sdk.v5/server_side_diagnostics.go:13.113,22.2 2 1
gopkg.in/launchdarkly/go-server-sdk.v5/server_side_diagnostics.go:24.83,35.2 6 1
gopkg.in/launchdarkly/go-server-sdk.v5/server_side_diagnostics.go:69.3,70.22 1 1
gopkg.in/launchdarkly/go-server-sdk.v5/server_side_diagnostics.go:76.2,76.64 1 1
gopkg.in/launchdarkly/go-server-sdk.v5/server_side_diagnostics.go:70.22,71.30 1 1
gopkg.in/launchdarkly/go-server-sdk.v5/server_side_diagnostics.go:74.3,74.31 1 1
gopkg.in/launchdarkly/go-server-sdk.v5/server_side_diagnostics.go:71.30,73.4 1 0
gopkg.in/launchdarkly/go-server-sdk.v5/server_side_diagnostics.go:76.64,78.30 2 1
gopkg.in/launchdarkly/go-server-sdk.v5/server_side_diagnostics.go:78.30,79.79 1 1
gopkg.in/launchdarkly/go-server-sdk.v5/server_side_diagnostics.go:79.79,81.5 1 1
gopkg.in/launchdarkly/go-server-sdk.v5/server_side_diagnostics.go:81.10,81.57 1 1
gopkg.in/launchdarkly/go-server-sdk.v5/server_side_diagnostics.go:81.57,82.80 1 1
gopkg.in/launchdarkly/go-server-sdk.v5/server_side_diagnostics.go:82.80,83.75 1 1
gopkg.in/launchdarkly/go-server-sdk.v5/server_side_diagnostics.go:88.6,88.17 1 1
gopkg.in/launchdarkly/go-server-sdk.v5/server_side_diagnostics.go:83.75,84.56 1 1
gopkg.in/launchdarkly/go-server-sdk.v5/server_side_diagnostics.go:84.56,86.8 1 1
gopkg.in/launchdarkly/go-server-sdk.v5/server_side_diagnostics.go:92.8,92.38 1 1
gopkg.in/launchdarkly/go-server-sdk.v5/server_side_diagnostics.go:92.38,94.3 1 1
gopkg.in/launchdarkly/go-server-sdk.v5/server_side_diagnostics.go:97.44,102.2 1 1
gopkg.in/launchdarkly/go-server-sdk.v5/server_side_diagnostics.go:104.54,106.2 1 1
gopkg.in/launchdarkly/go-server-sdk.v5/client_context_from_config.go:15.37,19.24 3 1
gopkg.in/launchdarkly/go-server-sdk.v5/client_context_from_config.go:22.2,23.16 2 1
gopkg.in/launchdarkly/go-server-sdk.v5/client_context_from_config.go:27.2,28.27 2 1
gopkg.in/launchdarkly/go-server-sdk.v5/client_context_from_config.go:31.2,32.16 2 1
gopkg.in/launchdarkly/go-server-sdk.v5/client_context_from_config.go:36.2,42.8 1 1
gopkg.in/launchdarkly/go-server-sdk.v5/client_context_from_config.go:19.24,21.3 1 1
gopkg.in/launchdarkly/go-server-sdk.v5/client_context_from_config.go:23.16,25.3 1 1
gopkg.in/launchdarkly/go-server-sdk.v5/client_context_from_config.go:28.27,30.3 1 1
gopkg.in/launchdarkly/go-server-sdk.v5/client_context_from_config.go:32.16,34.3 1 1
gopkg.in/launchdarkly/go-server-sdk.v5/flags_state.go:44.57,46.2 1 1
gopkg.in/launchdarkly/go-server-sdk.v5/flags_state.go:54.54,56.2 1 1
gopkg.in/launchdarkly/go-server-sdk.v5/flags_state.go:67.59,69.2 1 1
gopkg.in/launchdarkly/go-server-sdk.v5/flags_state.go:71.47,77.2 1 1
gopkg.in/launchdarkly/go-server-sdk.v5/flags_state.go:79.83,80.28 1 1
gopkg.in/launchdarkly/go-server-sdk.v5/flags_state.go:85.2,85.14 1 1
gopkg.in/launchdarkly/go-server-sdk.v5/flags_state.go:80.28,81.17 1 1
gopkg.in/launchdarkly/go-server-sdk.v5/flags_state.go:81.17,83.4 1 1
gopkg.in/launchdarkly/go-server-sdk.v5/flags_state.go:89.63,91.20 2 1
gopkg.in/launchdarkly/go-server-sdk.v5/flags_state.go:94.2,95.56 2 1
gopkg.in/launchdarkly/go-server-sdk.v5/flags_state.go:98.2,98.19 1 1
gopkg.in/launchdarkly/go-server-sdk.v5/flags_state.go:102.2,102.22 1 1
gopkg.in/launchdarkly/go-server-sdk.v5/flags_state.go:105.2,106.33 2 1
gopkg.in/launchdarkly/go-server-sdk.v5/flags_state.go:91.20,93.3 1 1
gopkg.in/launchdarkly/go-server-sdk.v5/flags_state.go:95.56,97.3 1 1
gopkg.in/launchdarkly/go-server-sdk.v5/flags_state.go:98.19,101.3 2 1
gopkg.in/launchdarkly/go-server-sdk.v5/flags_state.go:102.22,104.3 1 1
gopkg.in/launchdarkly/go-server-sdk.v5/flags_state.go:111.43,113.2 1 1
gopkg.in/launchdarkly/go-server-sdk.v5/flags_state.go:117.67,119.2 1 1
gopkg.in/launchdarkly/go-server-sdk.v5/flags_state.go:123.80,124.38 1 1
gopkg.in/launchdarkly/go-server-sdk.v5/flags_state.go:129.2,129.36 1 1
gopkg.in/launchdarkly/go-server-sdk.v5/flags_state.go:124.38,125.22 1 1
gopkg.in/launchdarkly/go-server-sdk.v5/flags_state.go:125.22,127.4 1 1
gopkg.in/launchdarkly/go-server-sdk.v5/flags_state.go:137.67,139.2 1 1
gopkg.in/launchdarkly/go-server-sdk.v5/flags_state.go:143.58,145.33 2 1
gopkg.in/launchdarkly/go-server-sdk.v5/flags_state.go:148.2,150.31 3 1
gopkg.in/launchdarkly/go-server-sdk.v5/flags_state.go:145.33,147.3 1 1
gopkg.in/launchdarkly/go-server-sdk.v5/ldredis/redis_builder.go:24.36,29.2 1 0
gopkg.in/launchdarkly/go-server-sdk.v5/ldredis/redis_builder.go:52.68,53.18 1 0
gopkg.in/launchdarkly/go-server-sdk.v5/ldredis/redis_builder.go:56.2,57.10 2 0
gopkg.in/launchdarkly/go-server-sdk.v5/ldredis/redis_builder.go:53.18,55.3 1 0
gopkg.in/launchdarkly/go-server-sdk.v5/ldredis/redis_builder.go:66.62,67.15 1 0
gopkg.in/launchdarkly/go-server-sdk.v5/ldredis/redis_builder.go:70.2,71.10 2 0
gopkg.in/launchdarkly/go-server-sdk.v5/ldredis/redis_builder.go:67.15,69.3 1 0
gopkg.in/launchdarkly/go-server-sdk.v5/ldredis/redis_builder.go:75.81,77.2 1 0
gopkg.in/launchdarkly/go-server-sdk.v5/ldredis/redis_builder.go:85.65,88.2 2 0
gopkg.in/launchdarkly/go-server-sdk.v5/ldredis/redis_builder.go:101.83,104.2 2 0
gopkg.in/launchdarkly/go-server-sdk.v5/ldredis/redis_builder.go:109.43,112.2 2 0
gopkg.in/launchdarkly/go-server-sdk.v5/ldredis/redis_builder.go:115.66,117.2 1 0
gopkg.in/launchdarkly/go-server-sdk.v5/ldredis/redis_impl.go:20.62,26.38 1 0
gopkg.in/launchdarkly/go-server-sdk.v5/ldredis/redis_impl.go:35.2,35.13 1 0
gopkg.in/launchdarkly/go-server-sdk.v5/ldredis/redis_impl.go:26.38,29.4 2 0
gopkg.in/launchdarkly/go-server-sdk.v5/ldredis/redis_impl.go:30.51,33.4 2 0
gopkg.in/launchdarkly/go-server-sdk.v5/ldredis/redis_impl.go:43.23,51.22 3 0
gopkg.in/launchdarkly/go-server-sdk.v5/ldredis/redis_impl.go:55.2,55.13 1 0
gopkg.in/launchdarkly/go-server-sdk.v5/ldredis/redis_impl.go:51.22,54.3 2 0
gopkg.in/launchdarkly/go-server-sdk.v5/ldredis/redis_impl.go:58.93,64.31 4 0
gopkg.in/launchdarkly/go-server-sdk.v5/ldredis/redis_impl.go:74.2,78.12 3 0
gopkg.in/launchdarkly/go-server-sdk.v5/ldredis/redis_impl.go:64.31,69.40 3 0
gopkg.in/launchdarkly/go-server-sdk.v5/ldredis/redis_impl.go:69.40,71.4 1 0
gopkg.in/launchdarkly/go-server-sdk.v5/ldredis/redis_impl.go:84.53,90.16 4 0
gopkg.in/launchdarkly/go-server-sdk.v5/ldredis/redis_impl.go:100.2,100.99 1 0
gopkg.in/launchdarkly/go-server-sdk.v5/ldredis/redis_impl.go:90.16,91.22 1 0
gopkg.in/launchdarkly/go-server-sdk.v5/ldredis/redis_impl.go:97.3,97.68 1 0
gopkg.in/launchdarkly/go-server-sdk.v5/ldredis/redis_impl.go:91.22,92.38 1 0
gopkg.in/launchdarkly/go-server-sdk.v5/ldredis/redis_impl.go:95.4,95.69 1 0
gopkg.in/launchdarkly/go-server-sdk.v5/ldredis/redis_impl.go:92.38,94.5 1 0
gopkg.in/launchdarkly/go-server-sdk.v5/ldredis/redis_impl.go:105.60,111.35 4 0
gopkg.in/launchdarkly/go-server-sdk.v5/ldredis/redis_impl.go:115.2,116.27 2 0
gopkg.in/launchdarkly/go-server-sdk.v5/ldredis/redis_impl.go:122.2,122.21 1 0
gopkg.in/launchdarkly/go-server-sdk.v5/ldredis/redis_impl.go:111.35,113.3 1 0
gopkg.in/launchdarkly/go-server-sdk.v5/ldredis/redis_impl.go:116.27,121.3 1 0
gopkg.in/launchdarkly/go-server-sdk.v5/ldredis/redis_impl.go:129.17,131.6 2 0
gopkg.in/launchdarkly/go-server-sdk.v5/ldredis/redis_impl.go:131.6,137.17 4 0
gopkg.in/launchdarkly/go-server-sdk.v5/ldredis/redis_impl.go:141.3,143.30 2 0
gopkg.in/launchdarkly/go-server-sdk.v5/ldredis/redis_impl.go:147.3,148.17 2 0
gopkg.in/launchdarkly/go-server-sdk.v5/ldredis/redis_impl.go:153.3,154.36 2 0
gopkg.in/launchdarkly/go-server-sdk.v5/ldredis/redis_impl.go:159.3,159.36 1 0
gopkg.in/launchdarkly/go-server-sdk.v5/ldredis/redis_impl.go:171.3,173.17 3 0
gopkg.in/launchdarkly/go-server-sdk.v5/ldredis/redis_impl.go:187.3,187.20 1 0
gopkg.in/launchdarkly/go-server-sdk.v5/ldredis/redis_impl.go:137.17,139.4 1 0
gopkg.in/launchdarkly/go-server-sdk.v5/ldredis/redis_impl.go:143.30,145.4 1 0
gopkg.in/launchdarkly/go-server-sdk.v5/ldredis/redis_impl.go:148.17,150.4 1 0
gopkg.in/launchdarkly/go-server-sdk.v5/ldredis/redis_impl.go:154.36,157.4 2 0
gopkg.in/launchdarkly/go-server-sdk.v5/ldredis/redis_impl.go:159.36,161.37 2 0
gopkg.in/launchdarkly/go-server-sdk.v5/ldredis/redis_impl.go:164.4,164.38 1 0
gopkg.in/launchdarkly/go-server-sdk.v5/ldredis/redis_impl.go:168.4,168.21 1 0
gopkg.in/launchdarkly/go-server-sdk.v5/ldredis/redis_impl.go:161.37,163.5 1 0
gopkg.in/launchdarkly/go-server-sdk.v5/ldredis/redis_impl.go:164.38,167.5 1 0
gopkg.in/launchdarkly/go-server-sdk.v5/ldredis/redis_impl.go:173.17,176.18 3 0
gopkg.in/launchdarkly/go-server-sdk.v5/ldredis/redis_impl.go:185.4,185.20 1 0
gopkg.in/launchdarkly/go-server-sdk.v5/ldredis/redis_impl.go:176.18,177.22 1 0
gopkg.in/launchdarkly/go-server-sdk.v5/ldredis/redis_impl.go:177.22,179.40 1 0
gopkg.in/launchdarkly/go-server-sdk.v5/ldredis/redis_impl.go:182.6,182.14 1 0
gopkg.in/launchdarkly/go-server-sdk.v5/ldredis/redis_impl.go:179.40,181.7 1 0
gopkg.in/launchdarkly/go-server-sdk.v5/ldredis/redis_impl.go:191.55,196.2 4 0
gopkg.in/launchdarkly/go-server-sdk.v5/ldredis/redis_impl.go:198.58,203.2 4 0
gopkg.in/launchdarkly/go-server-sdk.v5/ldredis/redis_impl.go:205.48,207.2 1 0
gopkg.in/launchdarkly/go-server-sdk.v5/ldredis/redis_impl.go:209.84,211.2 1 0
gopkg.in/launchdarkly/go-server-sdk.v5/ldredis/redis_impl.go:213.53,215.2 1 0
gopkg.in/launchdarkly/go-server-sdk.v5/ldredis/redis_impl.go:217.51,219.2 1 0
gopkg.in/launchdarkly/go-server-sdk.v5/internal/flag_tracker_impl.go:30.26,36.2 1 1
gopkg.in/launchdarkly/go-server-sdk.v5/internal/flag_tracker_impl.go:39.85,41.2 1 1
gopkg.in/launchdarkly/go-server-sdk.v5/internal/flag_tracker_impl.go:44.96,46.2 1 1
gopkg.in/launchdarkly/go-server-sdk.v5/internal/flag_tracker_impl.go:53.42,63.2 7 1
gopkg.in/launchdarkly/go-server-sdk.v5/internal/flag_tracker_impl.go:66.106,72.8 5 1
gopkg.in/launchdarkly/go-server-sdk.v5/internal/flag_tracker_impl.go:72.8,74.3 1 1
gopkg.in/launchdarkly/go-server-sdk.v5/internal/flag_tracker_impl.go:84.3,86.6 2 1
gopkg.in/launchdarkly/go-server-sdk.v5/internal/flag_tracker_impl.go:86.6,88.10 2 1
gopkg.in/launchdarkly/go-server-sdk.v5/internal/flag_tracker_impl.go:93.3,93.32 1 1
gopkg.in/launchdarkly/go-server-sdk.v5/internal/flag_tracker_impl.go:96.3,97.35 2 1
gopkg.in/launchdarkly/go-server-sdk.v5/internal/flag_tracker_impl.go:100.3,102.19 3 1
gopkg.in/launchdarkly/go-server-sdk.v5/internal/flag_tracker_impl.go:88.10,92.4 2 1
gopkg.in/launchdarkly/go-server-sdk.v5/internal/flag_tracker_impl.go:93.32,94.12 1 1
gopkg.in/launchdarkly/go-server-sdk.v5/internal/flag_tracker_impl.go:97.35,98.12 1 1
gopkg.in/launchdarkly/go-server-sdk.v5/internal/in_memory_data_store_impl.go:28.71,34.2 1 1
gopkg.in/launchdarkly/go-server-sdk.v5/internal/in_memory_data_store_impl.go:36.82,41.31 3 1
gopkg.in/launchdarkly/go-server-sdk.v5/internal/in_memory_data_store_impl.go:49.2,53.12 3 1
gopkg.in/launchdarkly/go-server-sdk.v5/internal/in_memory_data_store_impl.go:41.31,43.35 2 1
gopkg.in/launchdarkly/go-server-sdk.v5/internal/in_memory_data_store_impl.go:46.3,46.35 1 1
gopkg.in/launchdarkly/go-server-sdk.v5/internal/in_memory_data_store_impl.go:43.35,45.4 1 1
gopkg.in/launchdarkly/go-server-sdk.v5/internal/in_memory_data_store_impl.go:56.120,63.8 6 1
gopkg.in/launchdarkly/go-server-sdk.v5/internal/in_memory_data_store_impl.go:67.2,69.8 2 1
gopkg.in/launchdarkly/go-server-sdk.v5/internal/in_memory_data_store_impl.go:72.2,72.36 1 1
gopkg.in/launchdarkly/go-server-sdk.v5/internal/in_memory_data_store_impl.go:75.2,75.57 1 1
gopkg.in/launchdarkly/go-server-sdk.v5/internal/in_memory_data_store_impl.go:63.8,65.3 1 1
gopkg.in/launchdarkly/go-server-sdk.v5/internal/in_memory_data_store_impl.go:69.8,71.3 1 1
gopkg.in/launchdarkly/go-server-sdk.v5/internal/in_memory_data_store_impl.go:72.36,74.3 1 1
gopkg.in/launchdarkly/go-server-sdk.v5/internal/in_memory_data_store_impl.go:78.118,82.45 3 1
gopkg.in/launchdarkly/go-server-sdk.v5/internal/in_memory_data_store_impl.go:91.2,93.22 2 1
gopkg.in/launchdarkly/go-server-sdk.v5/internal/in_memory_data_store_impl.go:82.45,83.24 1 1
gopkg.in/launchdarkly/go-server-sdk.v5/internal/in_memory_data_store_impl.go:83.24,85.36 2 1
gopkg.in/launchdarkly/go-server-sdk.v5/internal/in_memory_data_store_impl.go:85.36,87.5 1 1
gopkg.in/launchdarkly/go-server-sdk.v5/internal/in_memory_data_store_impl.go:100.17,107.40 6 1
gopkg.in/launchdarkly/go-server-sdk.v5/internal/in_memory_data_store_impl.go:118.2,118.18 1 1
gopkg.in/launchdarkly/go-server-sdk.v5/internal/in_memory_data_store_impl.go:123.2,125.21 2 1
gopkg.in/launchdarkly/go-server-sdk.v5/internal/in_memory_data_store_impl.go:107.40,108.32 1 1
gopkg.in/launchdarkly/go-server-sdk.v5/internal/in_memory_data_store_impl.go:108.32,109.39 1 1
gopkg.in/launchdarkly/go-server-sdk.v5/internal/in_memory_data_store_impl.go:109.39,111.5 1 1
gopkg.in/launchdarkly/go-server-sdk.v5/internal/in_memory_data_store_impl.go:113.8,117.3 3 1
gopkg.in/launchdarkly/go-server-sdk.v5/internal/in_memory_data_store_impl.go:118.18,121.3 2 1
gopkg.in/launchdarkly/go-server-sdk.v5/internal/in_memory_data_store_impl.go:128.54,133.2 4 1
gopkg.in/launchdarkly/go-server-sdk.v5/internal/in_memory_data_store_impl.go:135.66,137.2 1 1
gopkg.in/launchdarkly/go-server-sdk.v5/internal/in_memory_data_store_impl.go:139.47,141.2 1 1
gopkg.in/launchdarkly/go-server-sdk.v5/internal/broadcasters.go:24.66,26.2 1 1
gopkg.in/launchdarkly/go-server-sdk.v5/internal/broadcasters.go:31.86,37.2 5 1
gopkg.in/launchdarkly/go-server-sdk.v5/internal/broadcasters.go:40.91,44.23 4 1
gopkg.in/launchdarkly/go-server-sdk.v5/internal/broadcasters.go:44.23,45.14 1 1
gopkg.in/launchdarkly/go-server-sdk.v5/internal/broadcasters.go:45.14,50.9 5 1
gopkg.in/launchdarkly/go-server-sdk.v5/internal/broadcasters.go:56.82,59.28 3 1
gopkg.in/launchdarkly/go-server-sdk.v5/internal/broadcasters.go:63.2,64.24 2 1
gopkg.in/launchdarkly/go-server-sdk.v5/internal/broadcasters.go:59.28,62.3 2 1
gopkg.in/launchdarkly/go-server-sdk.v5/internal/broadcasters.go:64.24,66.3 1 1
gopkg.in/launchdarkly/go-server-sdk.v5/internal/broadcasters.go:70.46,73.34 3 1
gopkg.in/launchdarkly/go-server-sdk.v5/internal/broadcasters.go:76.2,76.21 1 1
gopkg.in/launchdarkly/go-server-sdk.v5/internal/broadcasters.go:73.34,75.3 1 1
gopkg.in/launchdarkly/go-server-sdk.v5/internal/broadcasters.go:86.68,88.2 1 1
gopkg.in/launchdarkly/go-server-sdk.v5/internal/broadcasters.go:93.88,99.2 5 1
gopkg.in/launchdarkly/go-server-sdk.v5/internal/broadcasters.go:102.93,106.23 4 1
gopkg.in/launchdarkly/go-server-sdk.v5/internal/broadcasters.go:106.23,107.14 1 1
gopkg.in/launchdarkly/go-server-sdk.v5/internal/broadcasters.go:107.14,112.9 5 1
gopkg.in/launchdarkly/go-server-sdk.v5/internal/broadcasters.go:118.84,121.28 3 1
gopkg.in/launchdarkly/go-server-sdk.v5/internal/broadcasters.go:125.2,126.24 2 1
gopkg.in/launchdarkly/go-server-sdk.v5/internal/broadcasters.go:121.28,124.3 2 1
gopkg.in/launchdarkly/go-server-sdk.v5/internal/broadcasters.go:126.24,128.3 1 1
gopkg.in/launchdarkly/go-server-sdk.v5/internal/broadcasters.go:132.47,135.34 3 1
gopkg.in/launchdarkly/go-server-sdk.v5/internal/broadcasters.go:138.2,138.21 1 1
gopkg.in/launchdarkly/go-server-sdk.v5/internal/broadcasters.go:135.34,137.3 1 1
gopkg.in/launchdarkly/go-server-sdk.v5/internal/broadcasters.go:148.66,150.2 1 1
gopkg.in/launchdarkly/go-server-sdk.v5/internal/broadcasters.go:155.86,161.2 5 1
gopkg.in/launchdarkly/go-server-sdk.v5/internal/broadcasters.go:164.91,168.23 4 1
gopkg.in/launchdarkly/go-server-sdk.v5/internal/broadcasters.go:168.23,169.14 1 1
gopkg.in/launchdarkly/go-server-sdk.v5/internal/broadcasters.go:169.14,174.9 5 1
gopkg.in/launchdarkly/go-server-sdk.v5/internal/broadcasters.go:180.58,182.2 1 1
gopkg.in/launchdarkly/go-server-sdk.v5/internal/broadcasters.go:185.82,188.28 3 1
gopkg.in/launchdarkly/go-server-sdk.v5/internal/broadcasters.go:192.2,193.24 2 1
gopkg.in/launchdarkly/go-server-sdk.v5/internal/broadcasters.go:188.28,191.3 2 1
gopkg.in/launchdarkly/go-server-sdk.v5/internal/broadcasters.go:193.24,195.3 1 1
gopkg.in/launchdarkly/go-server-sdk.v5/internal/broadcasters.go:199.46,202.34 3 1
gopkg.in/launchdarkly/go-server-sdk.v5/internal/broadcasters.go:205.2,205.21 1 1
gopkg.in/launchdarkly/go-server-sdk.v5/internal/broadcasters.go:202.34,204.3 1 1
gopkg.in/launchdarkly/go-server-sdk.v5/internal/data_store_status_provider_impl.go:16.38,21.2 1 1
gopkg.in/launchdarkly/go-server-sdk.v5/internal/data_store_status_provider_impl.go:23.78,25.2 1 1
gopkg.in/launchdarkly/go-server-sdk.v5/internal/data_store_status_provider_impl.go:27.72,29.2 1 1
gopkg.in/launchdarkly/go-server-sdk.v5/internal/data_store_status_provider_impl.go:31.93,33.2 1 1
gopkg.in/launchdarkly/go-server-sdk.v5/internal/data_store_status_provider_impl.go:35.98,37.2 1 1
gopkg.in/launchdarkly/go-server-sdk.v5/internal/persistent_data_store_wrapper.go:37.18,39.19 2 1
gopkg.in/launchdarkly/go-server-sdk.v5/internal/persistent_data_store_wrapper.go:45.2,61.10 3 1
gopkg.in/launchdarkly/go-server-sdk.v5/internal/persistent_data_store_wrapper.go:39.19,43.3 1 1
gopkg.in/launchdarkly/go-server-sdk.v5/internal/persistent_data_store_wrapper.go:64.81,66.20 2 1
gopkg.in/launchdarkly/go-server-sdk.v5/internal/persistent_data_store_wrapper.go:69.2,69.48 1 1
gopkg.in/launchdarkly/go-server-sdk.v5/internal/persistent_data_store_wrapper.go:76.2,76.20 1 1
gopkg.in/launchdarkly/go-server-sdk.v5/internal/persistent_data_store_wrapper.go:81.2,81.47 1 1
gopkg.in/launchdarkly/go-server-sdk.v5/internal/persistent_data_store_wrapper.go:86.2,86.12 1 1
gopkg.in/launchdarkly/go-server-sdk.v5/internal/persistent_data_store_wrapper.go:66.20,68.3 1 1
gopkg.in/launchdarkly/go-server-sdk.v5/internal/persistent_data_store_wrapper.go:69.48,75.3 1 1
gopkg.in/launchdarkly/go-server-sdk.v5/internal/persistent_data_store_wrapper.go:76.20,77.32 1 1
gopkg.in/launchdarkly/go-server-sdk.v5/internal/persistent_data_store_wrapper.go:77.32,79.4 1 1
gopkg.in/launchdarkly/go-server-sdk.v5/internal/persistent_data_store_wrapper.go:81.47,85.3 3 1
gopkg.in/launchdarkly/go-server-sdk.v5/internal/persistent_data_store_wrapper.go:89.113,90.20 1 1
gopkg.in/launchdarkly/go-server-sdk.v5/internal/persistent_data_store_wrapper.go:95.2,96.53 2 1
gopkg.in/launchdarkly/go-server-sdk.v5/internal/persistent_data_store_wrapper.go:106.2,107.72 2 1
gopkg.in/launchdarkly/go-server-sdk.v5/internal/persistent_data_store_wrapper.go:116.2,116.35 1 1
gopkg.in/launchdarkly/go-server-sdk.v5/internal/persistent_data_store_wrapper.go:119.2,119.57 1 1
gopkg.in/launchdarkly/go-server-sdk.v5/internal/persistent_data_store_wrapper.go:122.2,123.51 2 0
gopkg.in/launchdarkly/go-server-sdk.v5/internal/persistent_data_store_wrapper.go:90.20,94.3 3 1
gopkg.in/launchdarkly/go-server-sdk.v5/internal/persistent_data_store_wrapper.go:96.53,97.18 1 1
gopkg.in/launchdarkly/go-server-sdk.v5/internal/persistent_data_store_wrapper.go:100.3,100.54 1 1
gopkg.in/launchdarkly/go-server-sdk.v5/internal/persistent_data_store_wrapper.go:97.18,99.4 1 0
gopkg.in/launchdarkly/go-server-sdk.v5/internal/persistent_data_store_wrapper.go:100.54,102.4 1 1
gopkg.in/launchdarkly/go-server-sdk.v5/internal/persistent_data_store_wrapper.go:107.72,110.17 3 1
gopkg.in/launchdarkly/go-server-sdk.v5/internal/persistent_data_store_wrapper.go:114.3,114.18 1 1
gopkg.in/launchdarkly/go-server-sdk.v5/internal/persistent_data_store_wrapper.go:110.17,113.4 2 1
gopkg.in/launchdarkly/go-server-sdk.v5/internal/persistent_data_store_wrapper.go:116.35,118.3 1 1
gopkg.in/launchdarkly/go-server-sdk.v5/internal/persistent_data_store_wrapper.go:119.57,121.3 1 1
gopkg.in/launchdarkly/go-server-sdk.v5/internal/persistent_data_store_wrapper.go:126.111,127.20 1 1
gopkg.in/launchdarkly/go-server-sdk.v5/internal/persistent_data_store_wrapper.go:133.2,134.53 2 1
gopkg.in/launchdarkly/go-server-sdk.v5/internal/persistent_data_store_wrapper.go:141.2,142.73 2 1
gopkg.in/launchdarkly/go-server-sdk.v5/internal/persistent_data_store_wrapper.go:151.2,151.16 1 1
gopkg.in/launchdarkly/go-server-sdk.v5/internal/persistent_data_store_wrapper.go:154.2,154.66 1 1
gopkg.in/launchdarkly/go-server-sdk.v5/internal/persistent_data_store_wrapper.go:157.2,158.17 2 0
gopkg.in/launchdarkly/go-server-sdk.v5/internal/persistent_data_store_wrapper.go:127.20,131.3 3 1
gopkg.in/launchdarkly/go-server-sdk.v5/internal/persistent_data_store_wrapper.go:134.53,135.62 1 1
gopkg.in/launchdarkly/go-server-sdk.v5/internal/persistent_data_store_wrapper.go:135.62,137.4 1 1
gopkg.in/launchdarkly/go-server-sdk.v5/internal/persistent_data_store_wrapper.go:142.73,145.17 3 1
gopkg.in/launchdarkly/go-server-sdk.v5/internal/persistent_data_store_wrapper.go:149.3,149.18 1 1
gopkg.in/launchdarkly/go-server-sdk.v5/internal/persistent_data_store_wrapper.go:145.17,148.4 2 1
gopkg.in/launchdarkly/go-server-sdk.v5/internal/persistent_data_store_wrapper.go:151.16,153.3 1 1
gopkg.in/launchdarkly/go-server-sdk.v5/internal/persistent_data_store_wrapper.go:154.66,156.3 1 1
gopkg.in/launchdarkly/go-server-sdk.v5/internal/persistent_data_store_wrapper.go:165.17,173.16 4 1
gopkg.in/launchdarkly/go-server-sdk.v5/internal/persistent_data_store_wrapper.go:178.2,178.20 1 1
gopkg.in/launchdarkly/go-server-sdk.v5/internal/persistent_data_store_wrapper.go:219.2,219.21 1 1
gopkg.in/launchdarkly/go-server-sdk.v5/internal/persistent_data_store_wrapper.go:173.16,174.35 1 1
gopkg.in/launchdarkly/go-server-sdk.v5/internal/persistent_data_store_wrapper.go:174.35,176.4 1 1
gopkg.in/launchdarkly/go-server-sdk.v5/internal/persistent_data_store_wrapper.go:178.20,181.17 3 1
gopkg.in/launchdarkly/go-server-sdk.v5/internal/persistent_data_store_wrapper.go:181.17,182.15 1 1
gopkg.in/launchdarkly/go-server-sdk.v5/internal/persistent_data_store_wrapper.go:182.15,188.36 2 1
gopkg.in/launchdarkly/go-server-sdk.v5/internal/persistent_data_store_wrapper.go:188.36,189.60 1 1
gopkg.in/launchdarkly/go-server-sdk.v5/internal/persistent_data_store_wrapper.go:189.60,190.66 1 1
gopkg.in/launchdarkly/go-server-sdk.v5/internal/persistent_data_store_wrapper.go:190.66,192.8 1 1
gopkg.in/launchdarkly/go-server-sdk.v5/internal/persistent_data_store_wrapper.go:194.11,196.6 1 1
gopkg.in/launchdarkly/go-server-sdk.v5/internal/persistent_data_store_wrapper.go:197.10,202.5 3 1
gopkg.in/launchdarkly/go-server-sdk.v5/internal/persistent_data_store_wrapper.go:203.9,207.35 1 1
gopkg.in/launchdarkly/go-server-sdk.v5/internal/persistent_data_store_wrapper.go:207.35,210.59 3 1
gopkg.in/launchdarkly/go-server-sdk.v5/internal/persistent_data_store_wrapper.go:215.5,215.99 1 1
gopkg.in/launchdarkly/go-server-sdk.v5/internal/persistent_data_store_wrapper.go:210.59,211.65 1 1
gopkg.in/launchdarkly/go-server-sdk.v5/internal/persistent_data_store_wrapper.go:211.65,213.7 1 1
gopkg.in/launchdarkly/go-server-sdk.v5/internal/persistent_data_store_wrapper.go:222.59,226.19 4 1
gopkg.in/launchdarkly/go-server-sdk.v5/internal/persistent_data_store_wrapper.go:230.2,230.20 1 1
gopkg.in/launchdarkly/go-server-sdk.v5/internal/persistent_data_store_wrapper.go:236.2,237.14 2 1
gopkg.in/launchdarkly/go-server-sdk.v5/internal/persistent_data_store_wrapper.go:247.2,247.17 1 1
gopkg.in/launchdarkly/go-server-sdk.v5/internal/persistent_data_store_wrapper.go:226.19,228.3 1 1
[...]
gopkg.in/launchdarkly/go-server-sdk.v5/ldcomponents/polling_data_source_builder.go:55.19,57.3 1 0
gopkg.in/launchdarkly/go-server-sdk.v5/ldcomponents/polling_data_source_builder.go:57.8,59.3 1 1
gopkg.in/launchdarkly/go-server-sdk.v5/ldcomponents/polling_data_source_builder.go:66.103,67.40 1 0
gopkg.in/launchdarkly/go-server-sdk.v5/ldcomponents/polling_data_source_builder.go:72.2,72.10 1 0
gopkg.in/launchdarkly/go-server-sdk.v5/ldcomponents/polling_data_source_builder.go:67.40,69.3 1 0
gopkg.in/launchdarkly/go-server-sdk.v5/ldcomponents/polling_data_source_builder.go:69.8,71.3 1 0
gopkg.in/launchdarkly/go-server-sdk.v5/ldcomponents/polling_data_source_builder.go:79.29,82.2 2 1
gopkg.in/launchdarkly/go-server-sdk.v5/ldcomponents/polling_data_source_builder.go:88.34,94.2 4 1
gopkg.in/launchdarkly/go-server-sdk.v5/ldcomponents/polling_data_source_builder.go:97.74,106.2 2 0
gopkg.in/launchdarkly/go-server-sdk.v5/ldcomponents/helpers.go:21.59,23.2 1 0
gopkg.in/launchdarkly/go-server-sdk.v5/ldcomponents/helpers.go:35.41,37.2 1 0
gopkg.in/launchdarkly/go-server-sdk.v5/ldcomponents/helpers.go:41.50,42.43 1 1
gopkg.in/launchdarkly/go-server-sdk.v5/ldcomponents/helpers.go:54.2,54.13 1 1
gopkg.in/launchdarkly/go-server-sdk.v5/ldcomponents/helpers.go:42.43,43.21 1 1
gopkg.in/launchdarkly/go-server-sdk.v5/ldcomponents/helpers.go:44.12,45.15 1 1
gopkg.in/launchdarkly/go-server-sdk.v5/ldcomponents/helpers.go:46.12,47.15 1 1
gopkg.in/launchdarkly/go-server-sdk.v5/ldcomponents/helpers.go:48.12,49.15 1 1
gopkg.in/launchdarkly/go-server-sdk.v5/ldcomponents/helpers.go:50.11,51.16 1 1
gopkg.in/launchdarkly/go-server-sdk.v5/ldcomponents/helpers.go:57.50,59.44 2 1
gopkg.in/launchdarkly/go-server-sdk.v5/ldcomponents/helpers.go:62.2,62.60 1 1
gopkg.in/launchdarkly/go-server-sdk.v5/ldcomponents/helpers.go:59.44,61.3 1 1
gopkg.in/launchdarkly/go-server-sdk.v5/ldcomponents/helpers.go:72.8,73.59 1 1
gopkg.in/launchdarkly/go-server-sdk.v5/ldcomponents/helpers.go:77.2,78.13 2 1
gopkg.in/launchdarkly/go-server-sdk.v5/ldcomponents/helpers.go:73.59,76.3 2 1
gopkg.in/launchdarkly/go-server-sdk.v5/ldcomponents/helpers.go:81.58,82.43 1 1
gopkg.in/launchdarkly/go-server-sdk.v5/ldcomponents/helpers.go:88.2,88.39 1 1
gopkg.in/launchdarkly/go-server-sdk.v5/ldcomponents/helpers.go:94.2,94.25 1 1
gopkg.in/launchdarkly/go-server-sdk.v5/ldcomponents/helpers.go:99.2,99.12 1 1
gopkg.in/launchdarkly/go-server-sdk.v5/ldcomponents/helpers.go:82.43,86.3 1 1
gopkg.in/launchdarkly/go-server-sdk.v5/ldcomponents/helpers.go:88.39,92.3 1 1
gopkg.in/launchdarkly/go-server-sdk.v5/ldcomponents/helpers.go:94.25,98.3 1 1
gopkg.in/launchdarkly/go-server-sdk.v5/ldcomponents/helpers.go:106.32,108.31 2 1
gopkg.in/launchdarkly/go-server-sdk.v5/ldcomponents/helpers.go:114.2,115.37 2 1
gopkg.in/launchdarkly/go-server-sdk.v5/ldcomponents/helpers.go:121.2,124.3 1 1
gopkg.in/launchdarkly/go-server-sdk.v5/ldcomponents/helpers.go:108.31,113.3 1 1
gopkg.in/launchdarkly/go-server-sdk.v5/ldcomponents/helpers.go:115.37,120.3 1 1
gopkg.in/launchdarkly/go-server-sdk.v5/ldcomponents/http_configuration_builder.go:47.52,51.2 1 1
gopkg.in/launchdarkly/go-server-sdk.v5/ldcomponents/http_configuration_builder.go:54.86,57.2 2 1
gopkg.in/launchdarkly/go-server-sdk.v5/ldcomponents/http_configuration_builder.go:61.90,64.2 2 1
gopkg.in/launchdarkly/go-server-sdk.v5/ldcomponents/http_configuration_builder.go:78.107,81.2 2 1
gopkg.in/launchdarkly/go-server-sdk.v5/ldcomponents/http_configuration_builder.go:89.119,92.2 2 1
gopkg.in/launchdarkly/go-server-sdk.v5/ldcomponents/http_configuration_builder.go:96.89,99.2 2 1
gopkg.in/launchdarkly/go-server-sdk.v5/ldcomponents/http_configuration_builder.go:102.90,105.2 2 1
gopkg.in/launchdarkly/go-server-sdk.v5/ldcomponents/http_configuration_builder.go:111.106,112.47 1 1
gopkg.in/launchdarkly/go-server-sdk.v5/ldcomponents/http_configuration_builder.go:117.2,117.10 1 1
gopkg.in/launchdarkly/go-server-sdk.v5/ldcomponents/http_configuration_builder.go:112.47,114.3 1 1
gopkg.in/launchdarkly/go-server-sdk.v5/ldcomponents/http_configuration_builder.go:114.8,116.3 1 1
gopkg.in/launchdarkly/go-server-sdk.v5/ldcomponents/http_configuration_builder.go:121.74,125.18 3 0
gopkg.in/launchdarkly/go-server-sdk.v5/ldcomponents/http_configuration_builder.go:128.2,134.24 5 0
gopkg.in/launchdarkly/go-server-sdk.v5/ldcomponents/http_configuration_builder.go:125.18,127.3 1 0
gopkg.in/launchdarkly/go-server-sdk.v5/ldcomponents/http_configuration_builder.go:137.58,141.35 1 0
gopkg.in/launchdarkly/go-server-sdk.v5/ldcomponents/http_configuration_builder.go:144.2,144.32 1 0
gopkg.in/launchdarkly/go-server-sdk.v5/ldcomponents/http_configuration_builder.go:147.2,147.39 1 0
gopkg.in/launchdarkly/go-server-sdk.v5/ldcomponents/http_configuration_builder.go:152.2,152.14 1 0
gopkg.in/launchdarkly/go-server-sdk.v5/ldcomponents/http_configuration_builder.go:141.35,143.3 1 0
gopkg.in/launchdarkly/go-server-sdk.v5/ldcomponents/http_configuration_builder.go:144.32,146.3 1 0
gopkg.in/launchdarkly/go-server-sdk.v5/ldcomponents/http_configuration_builder.go:147.39,148.78 1 0
gopkg.in/launchdarkly/go-server-sdk.v5/ldcomponents/http_configuration_builder.go:148.78,150.4 1 0
gopkg.in/launchdarkly/go-server-sdk.v5/ldcomponents/http_configuration_builder.go:158.41,162.23 4 1
gopkg.in/launchdarkly/go-server-sdk.v5/ldcomponents/http_configuration_builder.go:165.2,166.31 2 1
gopkg.in/launchdarkly/go-server-sdk.v5/ldcomponents/http_configuration_builder.go:170.2,171.26 2 1
gopkg.in/launchdarkly/go-server-sdk.v5/ldcomponents/http_configuration_builder.go:190.2,193.8 1 1
gopkg.in/launchdarkly/go-server-sdk.v5/ldcomponents/http_configuration_builder.go:162.23,164.3 1 1
gopkg.in/launchdarkly/go-server-sdk.v5/ldcomponents/http_configuration_builder.go:166.31,168.3 1 1
gopkg.in/launchdarkly/go-server-sdk.v5/ldcomponents/http_configuration_builder.go:171.26,173.19 2 1
gopkg.in/launchdarkly/go-server-sdk.v5/ldcomponents/http_configuration_builder.go:176.3,179.17 4 1
gopkg.in/launchdarkly/go-server-sdk.v5/ldcomponents/http_configuration_builder.go:182.3,182.39 1 1
gopkg.in/launchdarkly/go-server-sdk.v5/ldcomponents/http_configuration_builder.go:173.19,175.4 1 0
gopkg.in/launchdarkly/go-server-sdk.v5/ldcomponents/http_configuration_builder.go:179.17,181.4 1 1
gopkg.in/launchdarkly/go-server-sdk.v5/ldcomponents/http_configuration_builder.go:182.39,187.4 1 1
gopkg.in/launchdarkly/go-server-sdk.v5/ldcomponents/streaming_data_source.go:91.49,93.2 1 1
gopkg.in/launchdarkly/go-server-sdk.v5/ldcomponents/streaming_data_source.go:95.66,97.83 2 1
gopkg.in/launchdarkly/go-server-sdk.v5/ldcomponents/streaming_data_source.go:100.2,100.33 1 1
gopkg.in/launchdarkly/go-server-sdk.v5/ldcomponents/streaming_data_source.go:97.83,99.3 1 1
gopkg.in/launchdarkly/go-server-sdk.v5/ldcomponents/streaming_data_source.go:108.49,110.9 2 1
gopkg.in/launchdarkly/go-server-sdk.v5/ldcomponents/streaming_data_source.go:120.2,120.24 1 1
gopkg.in/launchdarkly/go-server-sdk.v5/ldcomponents/streaming_data_source.go:111.45,113.58 2 1
gopkg.in/launchdarkly/go-server-sdk.v5/ldcomponents/streaming_data_source.go:114.42,116.55 2 1
gopkg.in/launchdarkly/go-server-sdk.v5/ldcomponents/streaming_data_source.go:117.10,118.62 1 0
gopkg.in/launchdarkly/go-server-sdk.v5/ldcomponents/streaming_data_source.go:124.93,126.15 1 1
gopkg.in/launchdarkly/go-server-sdk.v5/ldcomponents/streaming_data_source.go:135.2,135.6 1 1
gopkg.in/launchdarkly/go-server-sdk.v5/ldcomponents/streaming_data_source.go:126.15,127.27 1 1
gopkg.in/launchdarkly/go-server-sdk.v5/ldcomponents/streaming_data_source.go:129.3,129.27 1 1
gopkg.in/launchdarkly/go-server-sdk.v5/ldcomponents/streaming_data_source.go:127.28,128.4 0 0
gopkg.in/launchdarkly/go-server-sdk.v5/ldcomponents/streaming_data_source.go:129.27,130.28 1 0
gopkg.in/launchdarkly/go-server-sdk.v5/ldcomponents/streaming_data_source.go:130.29,131.5 0 0
gopkg.in/launchdarkly/go-server-sdk.v5/ldcomponents/streaming_data_source.go:135.6,136.10 1 1
gopkg.in/launchdarkly/go-server-sdk.v5/ldcomponents/streaming_data_source.go:137.37,138.11 1 1
gopkg.in/launchdarkly/go-server-sdk.v5/ldcomponents/streaming_data_source.go:142.4,147.57 4 1
gopkg.in/launchdarkly/go-server-sdk.v5/ldcomponents/streaming_data_source.go:165.4,165.49 1 1
gopkg.in/launchdarkly/go-server-sdk.v5/ldcomponents/streaming_data_source.go:176.4,176.25 1 1
gopkg.in/launchdarkly/go-server-sdk.v5/ldcomponents/streaming_data_source.go:242.4,242.22 1 1
gopkg.in/launchdarkly/go-server-sdk.v5/ldcomponents/streaming_data_source.go:245.4,245.21 1 1
gopkg.in/launchdarkly/go-server-sdk.v5/ldcomponents/streaming_data_source.go:249.45,250.35 1 1
gopkg.in/launchdarkly/go-server-sdk.v5/ldcomponents/streaming_data_source.go:253.4,253.32 1 1
gopkg.in/launchdarkly/go-server-sdk.v5/ldcomponents/streaming_data_source.go:267.18,269.10 2 1
gopkg.in/launchdarkly/go-server-sdk.v5/ldcomponents/streaming_data_source.go:138.11,141.5 2 0
gopkg.in/launchdarkly/go-server-sdk.v5/ldcomponents/streaming_data_source.go:147.57,163.5 5 0
gopkg.in/launchdarkly/go-server-sdk.v5/ldcomponents/streaming_data_source.go:165.49,166.32 1 0
gopkg.in/launchdarkly/go-server-sdk.v5/ldcomponents/streaming_data_source.go:166.32,169.6 1 0
gopkg.in/launchdarkly/go-server-sdk.v5/ldcomponents/streaming_data_source.go:169.11,173.6 3 0
gopkg.in/launchdarkly/go-server-sdk.v5/ldcomponents/streaming_data_source.go:177.18,179.70 2 1
gopkg.in/launchdarkly/go-server-sdk.v5/ldcomponents/streaming_data_source.go:183.5,183.87 1 1
gopkg.in/launchdarkly/go-server-sdk.v5/ldcomponents/streaming_data_source.go:189.20,191.72 2 1
gopkg.in/launchdarkly/go-server-sdk.v5/ldcomponents/streaming_data_source.go:195.5,196.19 2 1
gopkg.in/launchdarkly/go-server-sdk.v5/ldcomponents/streaming_data_source.go:200.5,201.19 2 1
gopkg.in/launchdarkly/go-server-sdk.v5/ldcomponents/streaming_data_source.go:205.5,205.64 1 1
gopkg.in/launchdarkly/go-server-sdk.v5/ldcomponents/streaming_data_source.go:209.21,211.71 2 1
gopkg.in/launchdarkly/go-server-sdk.v5/ldcomponents/streaming_data_source.go:215.5,216.19 2 1
gopkg.in/launchdarkly/go-server-sdk.v5/ldcomponents/streaming_data_source.go:220.5,221.71 2 1
gopkg.in/launchdarkly/go-server-sdk.v5/ldcomponents/streaming_data_source.go:225.28,227.19 2 1
gopkg.in/launchdarkly/go-server-sdk.v5/ldcomponents/streaming_data_source.go:230.5,231.26 2 1
gopkg.in/launchdarkly/go-server-sdk.v5/ldcomponents/streaming_data_source.go:235.5,235.64 1 1
gopkg.in/launchdarkly/go-server-sdk.v5/ldcomponents/streaming_data_source.go:238.12,239.76 1 0
gopkg.in/launchdarkly/go-server-sdk.v5/ldcomponents/streaming_data_source.go:179.70,181.11 2 0
gopkg.in/launchdarkly/go-server-sdk.v5/ldcomponents/streaming_data_source.go:183.87,185.6 1 1
gopkg.in/launchdarkly/go-server-sdk.v5/ldcomponents/streaming_data_source.go:185.11,187.6 1 0
gopkg.in/launchdarkly/go-server-sdk.v5/ldcomponents/streaming_data_source.go:191.72,193.11 2 0
gopkg.in/launchdarkly/go-server-sdk.v5/ldcomponents/streaming_data_source.go:196.19,198.11 2 0
gopkg.in/launchdarkly/go-server-sdk.v5/ldcomponents/streaming_data_source.go:201.19,203.11 2 0
gopkg.in/launchdarkly/go-server-sdk.v5/ldcomponents/streaming_data_source.go:205.64,207.6 1 0
gopkg.in/launchdarkly/go-server-sdk.v5/ldcomponents/streaming_data_source.go:211.71,213.11 2 0
gopkg.in/launchdarkly/go-server-sdk.v5/ldcomponents/streaming_data_source.go:216.19,218.11 2 0
gopkg.in/launchdarkly/go-server-sdk.v5/ldcomponents/streaming_data_source.go:221.71,223.6 1 0
gopkg.in/launchdarkly/go-server-sdk.v5/ldcomponents/streaming_data_source.go:227.19,229.6 1 0
gopkg.in/launchdarkly/go-server-sdk.v5/ldcomponents/streaming_data_source.go:231.26,233.11 2 0
gopkg.in/launchdarkly/go-server-sdk.v5/ldcomponents/streaming_data_source.go:235.64,237.6 1 0
gopkg.in/launchdarkly/go-server-sdk.v5/ldcomponents/streaming_data_source.go:242.22,244.5 1 1
gopkg.in/launchdarkly/go-server-sdk.v5/ldcomponents/streaming_data_source.go:245.21,247.5 1 0
gopkg.in/launchdarkly/go-server-sdk.v5/ldcomponents/streaming_data_source.go:250.35,252.5 1 0
gopkg.in/launchdarkly/go-server-sdk.v5/ldcomponents/streaming_data_source.go:253.32,255.36 1 1
gopkg.in/launchdarkly/go-server-sdk.v5/ldcomponents/streaming_data_source.go:264.5,264.59 1 1
gopkg.in/launchdarkly/go-server-sdk.v5/ldcomponents/streaming_data_source.go:255.36,260.6 2 1
gopkg.in/launchdarkly/go-server-sdk.v5/ldcomponents/streaming_data_source.go:280.20,290.52 2 1
gopkg.in/launchdarkly/go-server-sdk.v5/ldcomponents/streaming_data_source.go:294.2,301.11 3 1
gopkg.in/launchdarkly/go-server-sdk.v5/ldcomponents/streaming_data_source.go:290.52,292.3 1 1
gopkg.in/launchdarkly/go-server-sdk.v5/ldcomponents/streaming_data_source.go:304.70,306.32 2 1
gopkg.in/launchdarkly/go-server-sdk.v5/ldcomponents/streaming_data_source.go:309.2,314.28 4 1
gopkg.in/launchdarkly/go-server-sdk.v5/ldcomponents/streaming_data_source.go:318.2,318.62 1 1
gopkg.in/launchdarkly/go-server-sdk.v5/ldcomponents/streaming_data_source.go:360.2,372.16 2 1
gopkg.in/launchdarkly/go-server-sdk.v5/ldcomponents/streaming_data_source.go:379.2,379.42 1 1
gopkg.in/launchdarkly/go-server-sdk.v5/ldcomponents/streaming_data_source.go:306.32,308.3 1 1
gopkg.in/launchdarkly/go-server-sdk.v5/ldcomponents/streaming_data_source.go:314.28,316.3 1 0
gopkg.in/launchdarkly/go-server-sdk.v5/ldcomponents/streaming_data_source.go:318.62,321.47 2 1
gopkg.in/launchdarkly/go-server-sdk.v5/ldcomponents/streaming_data_source.go:343.3,357.54 5 0
gopkg.in/launchdarkly/go-server-sdk.v5/ldcomponents/streaming_data_source.go:321.47,334.19 3 1
gopkg.in/launchdarkly/go-server-sdk.v5/ldcomponents/streaming_data_source.go:339.4,340.54 2 1
gopkg.in/launchdarkly/go-server-sdk.v5/ldcomponents/streaming_data_source.go:334.19,338.5 3 1
gopkg.in/launchdarkly/go-server-sdk.v5/ldcomponents/streaming_data_source.go:372.16,377.3 3 1
gopkg.in/launchdarkly/go-server-sdk.v5/ldcomponents/streaming_data_source.go:382.104,383.13 1 1
gopkg.in/launchdarkly/go-server-sdk.v5/ldcomponents/streaming_data_source.go:389.2,389.25 1 1
gopkg.in/launchdarkly/go-server-sdk.v5/ldcomponents/streaming_data_source.go:383.13,384.35 1 1
gopkg.in/launchdarkly/go-server-sdk.v5/ldcomponents/streaming_data_source.go:384.35,387.4 2 1
gopkg.in/launchdarkly/go-server-sdk.v5/ldcomponents/streaming_data_source.go:389.25,391.3 1 1
gopkg.in/launchdarkly/go-server-sdk.v5/ldcomponents/streaming_data_source.go:394.51,398.2 3 1
gopkg.in/launchdarkly/go-server-sdk.v5/ldcomponents/streaming_data_source.go:400.62,406.54 5 1
gopkg.in/launchdarkly/go-server-sdk.v5/ldcomponents/streaming_data_source.go:406.54,409.3 2 1
gopkg.in/launchdarkly/go-server-sdk.v5/ldcomponents/streaming_data_source.go:413.42,414.25 1 1
gopkg.in/launchdarkly/go-server-sdk.v5/ldcomponents/streaming_data_source.go:422.2,422.12 1 1
gopkg.in/launchdarkly/go-server-sdk.v5/ldcomponents/streaming_data_source.go:414.25,417.30 3 1
gopkg.in/launchdarkly/go-server-sdk.v5/ldcomponents/streaming_data_source.go:420.3,420.101 1 1
gopkg.in/launchdarkly/go-server-sdk.v5/ldcomponents/streaming_data_source.go:417.30,419.4 1 1
gopkg.in/launchdarkly/go-server-sdk.v5/ldcomponents/in_memory_data_store.go:15.33,19.2 3 1
gopkg.in/launchdarkly/go-server-sdk.v5/ldcomponents/in_memory_data_store.go:22.73,24.2 1 0
gopkg.in/launchdarkly/go-server-sdk.v5/ldcomponents/in_memory_data_store.go:27.54,29.2 1 1
gopkg.in/launchdarkly/go-server-sdk.v5/ldcomponents/requestor.go:33.44,35.2 1 1
gopkg.in/launchdarkly/go-server-sdk.v5/ldcomponents/requestor.go:37.105,39.23 2 1
gopkg.in/launchdarkly/go-server-sdk.v5/ldcomponents/requestor.go:44.2,57.23 3 1
gopkg.in/launchdarkly/go-server-sdk.v5/ldcomponents/requestor.go:39.23,41.3 1 1
gopkg.in/launchdarkly/go-server-sdk.v5/ldcomponents/requestor.go:41.8,43.3 1 1
gopkg.in/launchdarkly/go-server-sdk.v5/ldcomponents/requestor.go:60.57,63.16 3 1
gopkg.in/launchdarkly/go-server-sdk.v5/ldcomponents/requestor.go:66.2,66.12 1 1
gopkg.in/launchdarkly/go-server-sdk.v5/ldcomponents/requestor.go:69.2,71.20 2 1
gopkg.in/launchdarkly/go-server-sdk.v5/ldcomponents/requestor.go:74.2,74.26 1 1
gopkg.in/launchdarkly/go-server-sdk.v5/ldcomponents/requestor.go:63.16,65.3 1 1
gopkg.in/launchdarkly/go-server-sdk.v5/ldcomponents/requestor.go:66.12,68.3 1 0
gopkg.in/launchdarkly/go-server-sdk.v5/ldcomponents/requestor.go:71.20,73.3 1 1
gopkg.in/launchdarkly/go-server-sdk.v5/ldcomponents/requestor.go:77.120,79.24 2 1
gopkg.in/launchdarkly/go-server-sdk.v5/ldcomponents/requestor.go:87.2,88.16 2 1
gopkg.in/launchdarkly/go-server-sdk.v5/ldcomponents/requestor.go:91.2,92.16 2 1
gopkg.in/launchdarkly/go-server-sdk.v5/ldcomponents/requestor.go:95.2,95.18 1 1
gopkg.in/launchdarkly/go-server-sdk.v5/ldcomponents/requestor.go:80.18,81.44 1 0
gopkg.in/launchdarkly/go-server-sdk.v5/ldcomponents/requestor.go:82.18,83.41 1 1
gopkg.in/launchdarkly/go-server-sdk.v5/ldcomponents/requestor.go:84.10,85.88 1 0
gopkg.in/launchdarkly/go-server-sdk.v5/ldcomponents/requestor.go:88.16,90.3 1 0
gopkg.in/launchdarkly/go-server-sdk.v5/ldcomponents/requestor.go:92.16,94.3 1 0
gopkg.in/launchdarkly/go-server-sdk.v5/ldcomponents/requestor.go:98.72,99.32 1 1
gopkg.in/launchdarkly/go-server-sdk.v5/ldcomponents/requestor.go:102.2,103.19 2 1
gopkg.in/launchdarkly/go-server-sdk.v5/ldcomponents/requestor.go:106.2,108.31 2 1
gopkg.in/launchdarkly/go-server-sdk.v5/ldcomponents/requestor.go:112.2,114.19 2 1
gopkg.in/launchdarkly/go-server-sdk.v5/ldcomponents/requestor.go:118.2,118.15 1 1
gopkg.in/launchdarkly/go-server-sdk.v5/ldcomponents/requestor.go:123.2,123.63 1 1
gopkg.in/launchdarkly/go-server-sdk.v5/ldcomponents/requestor.go:127.2,131.18 3 1
gopkg.in/launchdarkly/go-server-sdk.v5/ldcomponents/requestor.go:134.2,134.26 1 1
gopkg.in/launchdarkly/go-server-sdk.v5/ldcomponents/requestor.go:99.32,101.3 1 0
gopkg.in/launchdarkly/go-server-sdk.v5/ldcomponents/requestor.go:103.19,105.3 1 0
gopkg.in/launchdarkly/go-server-sdk.v5/ldcomponents/requestor.go:108.31,110.3 1 1
gopkg.in/launchdarkly/go-server-sdk.v5/ldcomponents/requestor.go:114.19,116.3 1 1
gopkg.in/launchdarkly/go-server-sdk.v5/ldcomponents/requestor.go:118.15,121.3 2 1
gopkg.in/launchdarkly/go-server-sdk.v5/ldcomponents/requestor.go:123.63,125.3 1 1
gopkg.in/launchdarkly/go-server-sdk.v5/ldcomponents/requestor.go:131.18,133.3 1 0
gopkg.in/launchdarkly/go-server-sdk.v5/ldcomponents/send_events.go:58.42,67.2 1 1
gopkg.in/launchdarkly/go-server-sdk.v5/ldcomponents/send_events.go:72.36,89.52 4 1
gopkg.in/launchdarkly/go-server-sdk.v5/ldcomponents/send_events.go:92.2,92.61 1 1
gopkg.in/launchdarkly/go-server-sdk.v5/ldcomponents/send_events.go:89.52,91.3 1 1
gopkg.in/launchdarkly/go-server-sdk.v5/ldcomponents/send_events.go:99.89,102.2 2 1
gopkg.in/launchdarkly/go-server-sdk.v5/ldcomponents/send_events.go:112.80,113.19 1 1
gopkg.in/launchdarkly/go-server-sdk.v5/ldcomponents/send_events.go:118.2,118.10 1 1
gopkg.in/launchdarkly/go-server-sdk.v5/ldcomponents/send_events.go:113.19,115.3 1 0
gopkg.in/launchdarkly/go-server-sdk.v5/ldcomponents/send_events.go:115.8,117.3 1 1
gopkg.in/launchdarkly/go-server-sdk.v5/ldcomponents/send_events.go:128.79,131.2 2 1
gopkg.in/launchdarkly/go-server-sdk.v5/ldcomponents/send_events.go:137.108,138.51 1 0
gopkg.in/launchdarkly/go-server-sdk.v5/ldcomponents/send_events.go:143.2,143.10 1 0
gopkg.in/launchdarkly/go-server-sdk.v5/ldcomponents/send_events.go:138.51,140.3 1 0
gopkg.in/launchdarkly/go-server-sdk.v5/ldcomponents/send_events.go:140.8,142.3 1 0
gopkg.in/launchdarkly/go-server-sdk.v5/ldcomponents/send_events.go:151.94,154.2 2 0
gopkg.in/launchdarkly/go-server-sdk.v5/ldcomponents/send_events.go:160.88,163.2 2 1
gopkg.in/launchdarkly/go-server-sdk.v5/ldcomponents/send_events.go:175.114,178.2 2 1
gopkg.in/launchdarkly/go-server-sdk.v5/ldcomponents/send_events.go:186.95,189.2 2 0
gopkg.in/launchdarkly/go-server-sdk.v5/ldcomponents/send_events.go:194.102,197.2 2 0
gopkg.in/launchdarkly/go-server-sdk.v5/ldcomponents/send_events.go:200.71,211.2 1 0
